This is pdfTeX, Version 3.14159265-2.6-1.40.21 (TeX Live 2020) (preloaded format=pdflatex 2020.4.7)  16 SEP 2020 12:29
entering extended mode
 restricted \write18 enabled.
 file:line:error style messages enabled.
 %&-line parsing enabled.
**"/Users/sarahhiguchi-crowell/Desktop/CHI2021-Scientific-Knowledge-Sharing-at-Scale-During-Pandemic/CHI-2020_Challenges to Knowledge Sharing.tex"
(/Users/sarahhiguchi-crowell/Desktop/CHI2021-Scientific-Knowledge-Sharing-at-Scale-During-Pandemic/CHI-2020_Challenges to Knowledge Sharing.tex
LaTeX2e <2020-02-02> patch level 5
L3 programming layer <2020-03-06> (/Users/sarahhiguchi-crowell/Desktop/CHI2021-Scientific-Knowledge-Sharing-at-Scale-During-Pandemic/acmart.cls
Document Class: acmart 2020/04/30 v1.71 Typesetting articles for the Association for Computing Machinery
(/usr/local/texlive/2020/texmf-dist/tex/latex/xkeyval/xkeyval.sty
Package: xkeyval 2014/12/03 v2.7a package option processing (HA)
 (/usr/local/texlive/2020/texmf-dist/tex/generic/xkeyval/xkeyval.tex (/usr/local/texlive/2020/texmf-dist/tex/generic/xkeyval/xkvutils.tex
\XKV@toks=\toks15
\XKV@tempa@toks=\toks16
 (/usr/local/texlive/2020/texmf-dist/tex/generic/xkeyval/keyval.tex))
\XKV@depth=\count167
File: xkeyval.tex 2014/12/03 v2.7a key=value parser (HA)
)) (/usr/local/texlive/2020/texmf-dist/tex/generic/xstring/xstring.sty (/usr/local/texlive/2020/texmf-dist/tex/generic/xstring/xstring.tex
\integerpart=\count168
\decimalpart=\count169
)
Package: xstring 2019/02/06 v1.83 String manipulations (CT)
) (/usr/local/texlive/2020/texmf-dist/tex/generic/iftex/iftex.sty
Package: iftex 2020/03/06 v1.0d TeX engine tests
)
Package acmart Info: Not using screen mode on input line 73.
Package acmart Info: Using breaking urls on hyphens on input line 81.
Package acmart Info: Requiring acmthm on input line 89.
Package acmart Info: Not using review mode on input line 98.
Package acmart Info: Not using authorversion mode on input line 106.
Package acmart Info: Not using nonacm mode on input line 118.
Package acmart Info: Explicitly selecting natbib mode on input line 130.
Package acmart Info: Not using anonymous mode on input line 138.
Package acmart Info: Not using timestamp mode on input line 146.
Package acmart Info: Not using authordraft mode on input line 156.
Package acmart Info: Using authordraft mode on input line 165.
Class acmart Info: Using format acmsmall, number 1 on input line 165.
Class acmart Info: Using fontsize 10pt on input line 249.
 (/usr/local/texlive/2020/texmf-dist/tex/latex/amscls/amsart.cls
Document Class: amsart 2017/10/31 v2.20.4
\linespacing=\dimen134
\normalparindent=\dimen135
\normaltopskip=\skip47
(/usr/local/texlive/2020/texmf-dist/tex/latex/amsmath/amsmath.sty
Package: amsmath 2020/01/20 v2.17e AMS math features
\@mathmargin=\skip48

For additional information on amsmath, use the `?' option.
(/usr/local/texlive/2020/texmf-dist/tex/latex/amsmath/amstext.sty
Package: amstext 2000/06/29 v2.01 AMS text
 (/usr/local/texlive/2020/texmf-dist/tex/latex/amsmath/amsgen.sty
File: amsgen.sty 1999/11/30 v2.0 generic functions
\@emptytoks=\toks17
\ex@=\dimen136
)) (/usr/local/texlive/2020/texmf-dist/tex/latex/amsmath/amsbsy.sty
Package: amsbsy 1999/11/29 v1.2d Bold Symbols
\pmbraise@=\dimen137
) (/usr/local/texlive/2020/texmf-dist/tex/latex/amsmath/amsopn.sty
Package: amsopn 2016/03/08 v2.02 operator names
)
\inf@bad=\count170
LaTeX Info: Redefining \frac on input line 227.
\uproot@=\count171
\leftroot@=\count172
LaTeX Info: Redefining \overline on input line 389.
\classnum@=\count173
\DOTSCASE@=\count174
LaTeX Info: Redefining \ldots on input line 486.
LaTeX Info: Redefining \dots on input line 489.
LaTeX Info: Redefining \cdots on input line 610.
\Mathstrutbox@=\box45
\strutbox@=\box46
\big@size=\dimen138
LaTeX Font Info:    Redeclaring font encoding OML on input line 733.
LaTeX Font Info:    Redeclaring font encoding OMS on input line 734.
\macc@depth=\count175
\c@MaxMatrixCols=\count176
\dotsspace@=\muskip16
\c@parentequation=\count177
\dspbrk@lvl=\count178
\tag@help=\toks18
\row@=\count179
\column@=\count180
\maxfields@=\count181
\andhelp@=\toks19
\eqnshift@=\dimen139
\alignsep@=\dimen140
\tagshift@=\dimen141
\tagwidth@=\dimen142
\totwidth@=\dimen143
\lineht@=\dimen144
\@envbody=\toks20
\multlinegap=\skip49
\multlinetaggap=\skip50
\mathdisplay@stack=\toks21
LaTeX Info: Redefining \[ on input line 2859.
LaTeX Info: Redefining \] on input line 2860.
)
LaTeX Font Info:    Trying to load font information for U+msa on input line 398.
 (/usr/local/texlive/2020/texmf-dist/tex/latex/amsfonts/umsa.fd
File: umsa.fd 2013/01/14 v3.01 AMS symbols A
) (/usr/local/texlive/2020/texmf-dist/tex/latex/amsfonts/amsfonts.sty
Package: amsfonts 2013/01/14 v3.01 Basic AMSFonts support
\symAMSa=\mathgroup4
\symAMSb=\mathgroup5
LaTeX Font Info:    Redeclaring math symbol \hbar on input line 98.
LaTeX Font Info:    Overwriting math alphabet `\mathfrak' in version `bold'
(Font)                  U/euf/m/n --> U/euf/b/n on input line 106.
)
\copyins=\insert199
\abstractbox=\box47
\listisep=\skip51
\c@part=\count182
\c@section=\count183
\c@subsection=\count184
\c@subsubsection=\count185
\c@paragraph=\count186
\c@subparagraph=\count187
\c@figure=\count188
\c@table=\count189
\abovecaptionskip=\skip52
\belowcaptionskip=\skip53
\captionindent=\dimen145
\thm@style=\toks22
\thm@bodyfont=\toks23
\thm@headfont=\toks24
\thm@notefont=\toks25
\thm@headpunct=\toks26
\thm@preskip=\skip54
\thm@postskip=\skip55
\thm@headsep=\skip56
\dth@everypar=\toks27
) (/usr/local/texlive/2020/texmf-dist/tex/latex/microtype/microtype.sty
Package: microtype 2019/11/18 v2.7d Micro-typographical refinements (RS)
\MT@toks=\toks28
\MT@count=\count190
LaTeX Info: Redefining \textls on input line 790.
\MT@outer@kern=\dimen146
LaTeX Info: Redefining \textmicrotypecontext on input line 1354.
\MT@listname@count=\count191
 (/usr/local/texlive/2020/texmf-dist/tex/latex/microtype/microtype-pdftex.def
File: microtype-pdftex.def 2019/11/18 v2.7d Definitions specific to pdftex (RS)
LaTeX Info: Redefining \lsstyle on input line 914.
LaTeX Info: Redefining \lslig on input line 914.
\MT@outer@space=\skip57
)
Package microtype Info: Loading configuration file microtype.cfg.
 (/usr/local/texlive/2020/texmf-dist/tex/latex/microtype/microtype.cfg
File: microtype.cfg 2019/11/18 v2.7d microtype main configuration file (RS)
)) (/usr/local/texlive/2020/texmf-dist/tex/latex/etoolbox/etoolbox.sty
Package: etoolbox 2019/09/21 v2.5h e-TeX tools for LaTeX (JAW)
\etb@tempcnta=\count192
) (/usr/local/texlive/2020/texmf-dist/tex/latex/booktabs/booktabs.sty
Package: booktabs 2020/01/12 v1.61803398 Publication quality tables
\heavyrulewidth=\dimen147
\lightrulewidth=\dimen148
\cmidrulewidth=\dimen149
\belowrulesep=\dimen150
\belowbottomsep=\dimen151
\aboverulesep=\dimen152
\abovetopsep=\dimen153
\cmidrulesep=\dimen154
\cmidrulekern=\dimen155
\defaultaddspace=\dimen156
\@cmidla=\count193
\@cmidlb=\count194
\@aboverulesep=\dimen157
\@belowrulesep=\dimen158
\@thisruleclass=\count195
\@lastruleclass=\count196
\@thisrulewidth=\dimen159
) (/usr/local/texlive/2020/texmf-dist/tex/latex/refcount/refcount.sty
Package: refcount 2019/12/15 v3.6 Data extraction from label references (HO)
 (/usr/local/texlive/2020/texmf-dist/tex/generic/ltxcmds/ltxcmds.sty
Package: ltxcmds 2019/12/15 v1.24 LaTeX kernel commands for general use (HO)
) (/usr/local/texlive/2020/texmf-dist/tex/generic/infwarerr/infwarerr.sty
Package: infwarerr 2019/12/03 v1.5 Providing info/warning/error messages (HO)
)) (/usr/local/texlive/2020/texmf-dist/tex/latex/totpages/totpages.sty
Package: totpages 2005/09/19 v2.00 Totpages Package (muewi)
 (/usr/local/texlive/2020/texmf-dist/tex/latex/ms/everyshi.sty
Package: everyshi 2001/05/15 v3.00 EveryShipout Package (MS)
)) (/usr/local/texlive/2020/texmf-dist/tex/latex/environ/environ.sty
Package: environ 2014/05/04 v0.3 A new way to define environments
 (/usr/local/texlive/2020/texmf-dist/tex/latex/trimspaces/trimspaces.sty
Package: trimspaces 2009/09/17 v1.1 Trim spaces around a token list
)) (/usr/local/texlive/2020/texmf-dist/tex/latex/textcase/textcase.sty
Package: textcase 2019/09/14 v1.00 Text only upper/lower case changing (DPC)
) (/usr/local/texlive/2020/texmf-dist/tex/latex/natbib/natbib.sty
Package: natbib 2010/09/13 8.31b (PWD, AO)
\bibhang=\skip58
\bibsep=\skip59
LaTeX Info: Redefining \cite on input line 694.
\c@NAT@ctr=\count197
) (/usr/local/texlive/2020/texmf-dist/tex/latex/hyperref/hyperref.sty
Package: hyperref 2020/01/14 v7.00d Hypertext links for LaTeX
 (/usr/local/texlive/2020/texmf-dist/tex/latex/pdftexcmds/pdftexcmds.sty
Package: pdftexcmds 2019/11/24 v0.31 Utility functions of pdfTeX for LuaTeX (HO)
Package pdftexcmds Info: \pdf@primitive is available.
Package pdftexcmds Info: \pdf@ifprimitive is available.
Package pdftexcmds Info: \pdfdraftmode found.
) (/usr/local/texlive/2020/texmf-dist/tex/generic/kvsetkeys/kvsetkeys.sty
Package: kvsetkeys 2019/12/15 v1.18 Key value parser (HO)
) (/usr/local/texlive/2020/texmf-dist/tex/generic/kvdefinekeys/kvdefinekeys.sty
Package: kvdefinekeys 2019-12-19 v1.6 Define keys (HO)
) (/usr/local/texlive/2020/texmf-dist/tex/generic/pdfescape/pdfescape.sty
Package: pdfescape 2019/12/09 v1.15 Implements pdfTeX's escape features (HO)
) (/usr/local/texlive/2020/texmf-dist/tex/latex/hycolor/hycolor.sty
Package: hycolor 2020-01-27 v1.10 Color options for hyperref/bookmark (HO)
) (/usr/local/texlive/2020/texmf-dist/tex/latex/letltxmacro/letltxmacro.sty
Package: letltxmacro 2019/12/03 v1.6 Let assignment for LaTeX macros (HO)
) (/usr/local/texlive/2020/texmf-dist/tex/latex/auxhook/auxhook.sty
Package: auxhook 2019-12-17 v1.6 Hooks for auxiliary files (HO)
) (/usr/local/texlive/2020/texmf-dist/tex/latex/kvoptions/kvoptions.sty
Package: kvoptions 2019/11/29 v3.13 Key value format for package options (HO)
)
\@linkdim=\dimen160
\Hy@linkcounter=\count198
\Hy@pagecounter=\count266
 (/usr/local/texlive/2020/texmf-dist/tex/latex/hyperref/pd1enc.def
File: pd1enc.def 2020/01/14 v7.00d Hyperref: PDFDocEncoding definition (HO)
Now handling font encoding PD1 ...
... no UTF-8 mapping file for font encoding PD1
) (/usr/local/texlive/2020/texmf-dist/tex/generic/intcalc/intcalc.sty
Package: intcalc 2019/12/15 v1.3 Expandable calculations with integers (HO)
) (/usr/local/texlive/2020/texmf-dist/tex/generic/etexcmds/etexcmds.sty
Package: etexcmds 2019/12/15 v1.7 Avoid name clashes with e-TeX commands (HO)
)
\Hy@SavedSpaceFactor=\count267
Package hyperref Info: Option `bookmarksnumbered' set `true' on input line 4421.
Package hyperref Info: Option `unicode' set `true' on input line 4421.
 (/usr/local/texlive/2020/texmf-dist/tex/latex/hyperref/puenc.def
File: puenc.def 2020/01/14 v7.00d Hyperref: PDF Unicode definition (HO)
Now handling font encoding PU ...
... no UTF-8 mapping file for font encoding PU
)
Package hyperref Info: Hyper figures OFF on input line 4547.
Package hyperref Info: Link nesting OFF on input line 4552.
Package hyperref Info: Hyper index ON on input line 4555.
Package hyperref Info: Plain pages OFF on input line 4562.
Package hyperref Info: Backreferencing OFF on input line 4567.
Package hyperref Info: Implicit mode ON; LaTeX internals redefined.
Package hyperref Info: Bookmarks ON on input line 4800.
\c@Hy@tempcnt=\count268
 (/usr/local/texlive/2020/texmf-dist/tex/latex/url/url.sty
\Urlmuskip=\muskip17
Package: url 2013/09/16  ver 3.4  Verb mode for urls, etc.
)
LaTeX Info: Redefining \url on input line 5159.
\XeTeXLinkMargin=\dimen161
 (/usr/local/texlive/2020/texmf-dist/tex/generic/bitset/bitset.sty
Package: bitset 2019/12/09 v1.3 Handle bit-vector datatype (HO)
 (/usr/local/texlive/2020/texmf-dist/tex/generic/bigintcalc/bigintcalc.sty
Package: bigintcalc 2019/12/15 v1.5 Expandable calculations on big integers (HO)
))
\Fld@menulength=\count269
\Field@Width=\dimen162
\Fld@charsize=\dimen163
Package hyperref Info: Hyper figures OFF on input line 6430.
Package hyperref Info: Link nesting OFF on input line 6435.
Package hyperref Info: Hyper index ON on input line 6438.
Package hyperref Info: backreferencing OFF on input line 6445.
Package hyperref Info: Link coloring OFF on input line 6450.
Package hyperref Info: Link coloring with OCG OFF on input line 6455.
Package hyperref Info: PDF/A mode OFF on input line 6460.
LaTeX Info: Redefining \ref on input line 6500.
LaTeX Info: Redefining \pageref on input line 6504.
 (/usr/local/texlive/2020/texmf-dist/tex/generic/atbegshi/atbegshi.sty
Package: atbegshi 2019/12/05 v1.19 At begin shipout hook (HO)
)
\Hy@abspage=\count270
\c@Item=\count271
\c@Hfootnote=\count272
)
Package hyperref Info: Driver (autodetected): hpdftex.
 (/usr/local/texlive/2020/texmf-dist/tex/latex/hyperref/hpdftex.def
File: hpdftex.def 2020/01/14 v7.00d Hyperref driver for pdfTeX
 (/usr/local/texlive/2020/texmf-dist/tex/latex/atveryend/atveryend.sty
Package: atveryend 2019-12-11 v1.11 Hooks at the very end of document (HO)
)
\Fld@listcount=\count273
\c@bookmark@seq@number=\count274
 (/usr/local/texlive/2020/texmf-dist/tex/latex/rerunfilecheck/rerunfilecheck.sty
Package: rerunfilecheck 2019/12/05 v1.9 Rerun checks for auxiliary files (HO)
 (/usr/local/texlive/2020/texmf-dist/tex/generic/uniquecounter/uniquecounter.sty
Package: uniquecounter 2019/12/15 v1.4 Provide unlimited unique counter (HO)
)
Package uniquecounter Info: New unique counter `rerunfilecheck' on input line 286.
)
\Hy@SectionHShift=\skip60
) (/usr/local/texlive/2020/texmf-dist/tex/latex/graphics/graphicx.sty
Package: graphicx 2019/11/30 v1.2a Enhanced LaTeX Graphics (DPC,SPQR)
 (/usr/local/texlive/2020/texmf-dist/tex/latex/graphics/graphics.sty
Package: graphics 2019/11/30 v1.4a Standard LaTeX Graphics (DPC,SPQR)
 (/usr/local/texlive/2020/texmf-dist/tex/latex/graphics/trig.sty
Package: trig 2016/01/03 v1.10 sin cos tan (DPC)
) (/usr/local/texlive/2020/texmf-dist/tex/latex/graphics-cfg/graphics.cfg
File: graphics.cfg 2016/06/04 v1.11 sample graphics configuration
)
Package graphics Info: Driver file: pdftex.def on input line 105.
 (/usr/local/texlive/2020/texmf-dist/tex/latex/graphics-def/pdftex.def
File: pdftex.def 2018/01/08 v1.0l Graphics/color driver for pdftex
))
\Gin@req@height=\dimen164
\Gin@req@width=\dimen165
) (/usr/local/texlive/2020/texmf-dist/tex/latex/xcolor/xcolor.sty
Package: xcolor 2016/05/11 v2.12 LaTeX color extensions (UK)
 (/usr/local/texlive/2020/texmf-dist/tex/latex/graphics-cfg/color.cfg
File: color.cfg 2016/01/02 v1.6 sample color configuration
)
Package xcolor Info: Driver file: pdftex.def on input line 225.
Package xcolor Info: Model `cmy' substituted by `cmy0' on input line 1348.
Package xcolor Info: Model `hsb' substituted by `rgb' on input line 1352.
Package xcolor Info: Model `RGB' extended on input line 1364.
Package xcolor Info: Model `HTML' substituted by `rgb' on input line 1366.
Package xcolor Info: Model `Hsb' substituted by `hsb' on input line 1367.
Package xcolor Info: Model `tHsb' substituted by `hsb' on input line 1368.
Package xcolor Info: Model `HSB' substituted by `hsb' on input line 1369.
Package xcolor Info: Model `Gray' substituted by `gray' on input line 1370.
Package xcolor Info: Model `wave' substituted by `hsb' on input line 1371.
) (/usr/local/texlive/2020/texmf-dist/tex/latex/draftwatermark/draftwatermark.sty
Package: draftwatermark 2020/03/14 2.0 Put a gray textual watermark on document pages
 (/usr/local/texlive/2020/texmf-dist/tex/latex/everypage/everypage.sty
Package: everypage 2007/06/20 1.1 Hooks to run on every page
)) (/usr/local/texlive/2020/texmf-dist/tex/latex/geometry/geometry.sty
Package: geometry 2020/01/02 v5.9 Page Geometry
 (/usr/local/texlive/2020/texmf-dist/tex/generic/iftex/ifvtex.sty
Package: ifvtex 2019/10/25 v1.7 ifvtex legacy package. Use iftex instead.
)
\Gm@cnth=\count275
\Gm@cntv=\count276
\c@Gm@tempcnt=\count277
\Gm@bindingoffset=\dimen166
\Gm@wd@mp=\dimen167
\Gm@odd@mp=\dimen168
\Gm@even@mp=\dimen169
\Gm@layoutwidth=\dimen170
\Gm@layoutheight=\dimen171
\Gm@layouthoffset=\dimen172
\Gm@layoutvoffset=\dimen173
\Gm@dimlist=\toks29
) (/usr/local/texlive/2020/texmf-dist/tex/latex/ncctools/manyfoot.sty
Package: manyfoot 2019/08/03 v1.11 Many Footnote Levels Package (NCC)
 (/usr/local/texlive/2020/texmf-dist/tex/latex/ncctools/nccfoots.sty
Package: nccfoots 2005/02/03 v1.2 NCC Footnotes Package (NCC)
)
\MFL@columnwidth=\dimen174
)
\footinsauthorsaddresses=\insert252
\c@footnoteauthorsaddresses=\count278
\footinscopyrightpermission=\insert251
\c@footnotecopyrightpermission=\count279
 (/usr/local/texlive/2020/texmf-dist/tex/generic/pdftex/glyphtounicode.tex) (/usr/local/texlive/2020/texmf-dist/tex/latex/cmap/cmap.sty
Package: cmap 2008/03/06 v1.0h CMap support: searchable PDF
) (/usr/local/texlive/2020/texmf-dist/tex/latex/base/fontenc.sty
Package: fontenc 2020/02/11 v2.0o Standard LaTeX package
<<t1.cmap>>) (/usr/local/texlive/2020/texmf-dist/tex/latex/libertine/libertine.sty
Package: libertine 2020/03/26 (Bob Tennent) Supports Libertine and Biolinum fonts for all LaTeX engines.
 (/usr/local/texlive/2020/texmf-dist/tex/generic/iftex/ifxetex.sty
Package: ifxetex 2019/10/25 v0.7 ifxetex legacy package. Use iftex instead.
) (/usr/local/texlive/2020/texmf-dist/tex/generic/iftex/ifluatex.sty
Package: ifluatex 2019/10/25 v1.5 ifluatex legacy package. Use iftex instead.
) (/usr/local/texlive/2020/texmf-dist/tex/latex/base/textcomp.sty
Package: textcomp 2020/02/02 v2.0n Standard LaTeX package
) (/usr/local/texlive/2020/texmf-dist/tex/latex/base/fontenc.sty
Package: fontenc 2020/02/11 v2.0o Standard LaTeX package
) (/usr/local/texlive/2020/texmf-dist/tex/latex/fontaxes/fontaxes.sty
Package: fontaxes 2014/03/23 v1.0d Font selection axes
LaTeX Info: Redefining \upshape on input line 29.
LaTeX Info: Redefining \itshape on input line 31.
LaTeX Info: Redefining \slshape on input line 33.
LaTeX Info: Redefining \swshape on input line 35.
LaTeX Info: Redefining \scshape on input line 37.
LaTeX Info: Redefining \sscshape on input line 39.
LaTeX Info: Redefining \ulcshape on input line 41.
LaTeX Info: Redefining \textsw on input line 47.
LaTeX Info: Redefining \textssc on input line 48.
LaTeX Info: Redefining \textulc on input line 49.
)
LaTeX Info: Redefining \oldstylenums on input line 484.
 (/usr/local/texlive/2020/texmf-dist/tex/latex/libertine/LinLibertine_I.tex)) (/usr/local/texlive/2020/texmf-dist/tex/latex/inconsolata/zi4.sty
Package: zi4 2019/05/17 v1.12
 `inconsolata-zi4' v1.12, 2019/05/17 Text macros for Inconsolata (msharpe)
\zifour@ocount=\count280
) (/usr/local/texlive/2020/texmf-dist/tex/latex/newtx/newtxmath.sty
Package: newtxmath 2020/03/02 v1.625
 `newtxmath' v1.625, 2020/03/02 Math macros based originally on txfonts (msharpe) (/usr/local/texlive/2020/texmf-dist/tex/latex/oberdiek/centernot.sty
Package: centernot 2016/05/16 v1.4 Centers the not symbol horizontally (HO)
)
\tx@cntz=\count281
 (/usr/local/texlive/2020/texmf-dist/tex/generic/kastrup/binhex.tex)
\tx@Isdigit=\count282
\tx@IsAlNum=\count283
\tx@tA=\toks30
\tx@tB=\toks31
\tx@su=\read2
LaTeX Font Info:    Redeclaring symbol font `operators' on input line 317.
LaTeX Font Info:    Overwriting symbol font `operators' in version `normal'
(Font)                  OT1/cmr/m/n --> OT1/LinuxLibertineT-TLF/m/n on input line 317.
LaTeX Font Info:    Overwriting symbol font `operators' in version `bold'
(Font)                  OT1/cmr/bx/n --> OT1/LinuxLibertineT-TLF/m/n on input line 317.
LaTeX Font Info:    Overwriting symbol font `operators' in version `bold'
(Font)                  OT1/LinuxLibertineT-TLF/m/n --> OT1/LinuxLibertineT-TLF/sb/n on input line 318.
LaTeX Font Info:    Redeclaring math alphabet \mathsf on input line 326.
LaTeX Font Info:    Overwriting math alphabet `\mathsf' in version `normal'
(Font)                  OT1/cmss/m/n --> T1/LinuxBiolinumT-TLF/m/n on input line 326.
LaTeX Font Info:    Overwriting math alphabet `\mathsf' in version `bold'
(Font)                  OT1/cmss/bx/n --> T1/LinuxBiolinumT-TLF/m/n on input line 326.
LaTeX Font Info:    Redeclaring math alphabet \mathit on input line 327.
LaTeX Font Info:    Overwriting math alphabet `\mathit' in version `normal'
(Font)                  OT1/cmr/m/it --> OT1/LinuxLibertineT-TLF/m/it on input line 327.
LaTeX Font Info:    Overwriting math alphabet `\mathit' in version `bold'
(Font)                  OT1/cmr/bx/it --> OT1/LinuxLibertineT-TLF/m/it on input line 327.
LaTeX Font Info:    Redeclaring math alphabet \mathtt on input line 328.
LaTeX Font Info:    Overwriting math alphabet `\mathtt' in version `normal'
(Font)                  OT1/cmtt/m/n --> T1/zi4/m/n on input line 328.
LaTeX Font Info:    Overwriting math alphabet `\mathtt' in version `bold'
(Font)                  OT1/cmtt/m/n --> T1/zi4/m/n on input line 328.
LaTeX Font Info:    Redeclaring math alphabet \mathbf on input line 330.
LaTeX Font Info:    Overwriting math alphabet `\mathbf' in version `normal'
(Font)                  OT1/cmr/bx/n --> OT1/LinuxLibertineT-TLF/sb/n on input line 330.
LaTeX Font Info:    Overwriting math alphabet `\mathbf' in version `bold'
(Font)                  OT1/cmr/bx/n --> OT1/LinuxLibertineT-TLF/sb/n on input line 330.
LaTeX Font Info:    Overwriting math alphabet `\mathit' in version `bold'
(Font)                  OT1/LinuxLibertineT-TLF/m/it --> OT1/LinuxLibertineT-TLF/sb/it on input line 331.
LaTeX Font Info:    Overwriting math alphabet `\mathsf' in version `bold'
(Font)                  T1/LinuxBiolinumT-TLF/m/n --> T1/LinuxBiolinumT-TLF/b/n on input line 332.
LaTeX Font Info:    Overwriting math alphabet `\mathtt' in version `bold'
(Font)                  T1/zi4/m/n --> T1/zi4/b/n on input line 333.
LaTeX Font Info:    Redeclaring symbol font `letters' on input line 350.
LaTeX Font Info:    Overwriting symbol font `letters' in version `normal'
(Font)                  OML/cmm/m/it --> OML/nxlmi/m/it on input line 350.
LaTeX Font Info:    Overwriting symbol font `letters' in version `bold'
(Font)                  OML/cmm/b/it --> OML/nxlmi/m/it on input line 350.
LaTeX Font Info:    Overwriting symbol font `letters' in version `bold'
(Font)                  OML/nxlmi/m/it --> OML/nxlmi/b/it on input line 351.
\symlettersA=\mathgroup6
LaTeX Font Info:    Overwriting symbol font `lettersA' in version `bold'
(Font)                  U/ntxmia/m/it --> U/ntxmia/b/it on input line 476.
LaTeX Font Info:    Redeclaring math alphabet \mathfrak on input line 478.
Now handling font encoding LMS ...
... no UTF-8 mapping file for font encoding LMS
LaTeX Font Info:    Redeclaring symbol font `symbols' on input line 497.
LaTeX Font Info:    Encoding `OMS' has changed to `LMS' for symbol font
(Font)              `symbols' in the math version `normal' on input line 497.
LaTeX Font Info:    Overwriting symbol font `symbols' in version `normal'
(Font)                  OMS/cmsy/m/n --> LMS/ntxsy/m/n on input line 497.
LaTeX Font Info:    Encoding `OMS' has changed to `LMS' for symbol font
(Font)              `symbols' in the math version `bold' on input line 497.
LaTeX Font Info:    Overwriting symbol font `symbols' in version `bold'
(Font)                  OMS/cmsy/b/n --> LMS/ntxsy/m/n on input line 497.
LaTeX Font Info:    Overwriting symbol font `symbols' in version `bold'
(Font)                  LMS/ntxsy/m/n --> LMS/ntxsy/b/n on input line 498.
\symAMSm=\mathgroup7
LaTeX Font Info:    Overwriting symbol font `AMSm' in version `bold'
(Font)                  U/ntxsym/m/n --> U/ntxsym/b/n on input line 521.
\symsymbolsC=\mathgroup8
LaTeX Font Info:    Overwriting symbol font `symbolsC' in version `bold'
(Font)                  U/ntxsyc/m/n --> U/ntxsyc/b/n on input line 542.
Now handling font encoding LMX ...
... no UTF-8 mapping file for font encoding LMX
LaTeX Font Info:    Redeclaring symbol font `largesymbols' on input line 555.
LaTeX Font Info:    Encoding `OMX' has changed to `LMX' for symbol font
(Font)              `largesymbols' in the math version `normal' on input line 555.
LaTeX Font Info:    Overwriting symbol font `largesymbols' in version `normal'
(Font)                  OMX/cmex/m/n --> LMX/ntxexx/m/n on input line 555.
LaTeX Font Info:    Encoding `OMX' has changed to `LMX' for symbol font
(Font)              `largesymbols' in the math version `bold' on input line 555.
LaTeX Font Info:    Overwriting symbol font `largesymbols' in version `bold'
(Font)                  OMX/cmex/m/n --> LMX/ntxexx/m/n on input line 555.
LaTeX Font Info:    Overwriting symbol font `largesymbols' in version `bold'
(Font)                  LMX/ntxexx/m/n --> LMX/ntxexx/b/n on input line 556.
\symlargesymbolsTXA=\mathgroup9
LaTeX Font Info:    Overwriting symbol font `largesymbolsTXA' in version `bold'
(Font)                  U/ntxexa/m/n --> U/ntxexa/b/n on input line 570.
\tx@sbptoks=\toks32
LaTeX Font Info:    Redeclaring math delimiter \lfloor on input line 792.
LaTeX Font Info:    Redeclaring math delimiter \rfloor on input line 793.
LaTeX Font Info:    Redeclaring math delimiter \lceil on input line 794.
LaTeX Font Info:    Redeclaring math delimiter \rceil on input line 795.
LaTeX Font Info:    Redeclaring math delimiter \lbrace on input line 796.
LaTeX Font Info:    Redeclaring math delimiter \rbrace on input line 797.
LaTeX Font Info:    Redeclaring math delimiter \langle on input line 798.
LaTeX Font Info:    Redeclaring math delimiter \rangle on input line 800.
LaTeX Font Info:    Redeclaring math delimiter \arrowvert on input line 804.
LaTeX Font Info:    Redeclaring math delimiter \vert on input line 805.
LaTeX Font Info:    Redeclaring math accent \dot on input line 876.
LaTeX Font Info:    Redeclaring math accent \ddot on input line 877.
LaTeX Font Info:    Redeclaring math accent \vec on input line 1940.
\ntx@numstart=\count284
\ntx@UCstart=\count285
\ntx@lcstart=\count286
\ntx@tmpc=\count287
\ntx@imath=\count288
\ntx@jmath=\count289
LaTeX Info: Redefining \Bbbk on input line 2449.
LaTeX Info: Redefining \not on input line 2598.
LaTeX Info: Redefining \textsquare on input line 2628.
LaTeX Info: Redefining \openbox on input line 2630.
) (/usr/local/texlive/2020/texmf-dist/tex/latex/caption/caption.sty
Package: caption 2020/01/03 v3.4h Customizing captions (AR)
 (/usr/local/texlive/2020/texmf-dist/tex/latex/caption/caption3.sty
Package: caption3 2020/01/03 v1.8h caption3 kernel (AR)
Package caption3 Info: TeX engine: e-TeX on input line 61.
\captionmargin=\dimen175
\captionmargin@=\dimen176
\captionwidth=\dimen177
\caption@tempdima=\dimen178
\caption@indent=\dimen179
\caption@parindent=\dimen180
\caption@hangindent=\dimen181
Package caption Info: AMS or SMF document class detected.
)
Package caption Info: AMS or SMF document class.
\c@caption@flags=\count290
\c@continuedfloat=\count291
Package caption Info: hyperref package is loaded.
) (/usr/local/texlive/2020/texmf-dist/tex/latex/float/float.sty
Package: float 2001/11/08 v1.3d Float enhancements (AL)
\c@float@type=\count292
\float@exts=\toks33
\float@box=\box48
\@float@everytoks=\toks34
\@floatcapt=\box49
)
\@float@every@sidebar=\toks35
\c@sidebar=\count293
\fulltextwidth=\dimen182
\@ACM@labelwidth=\dimen183
\listisep=\skip61
\num@authorgroups=\count294
\num@authors=\count295
\@ACM@badge@width=\skip62
\@ACM@title@width=\skip63
\@ACM@badge@skip=\skip64
Class acmart Info: Printing CCS on input line 1469.
Class acmart Info: Printing bibformat on input line 1469.
Class acmart Info: Printing folios on input line 1474.
Class acmart Info: Setting authorsperrow to 0 on input line 1479.
 (/usr/local/texlive/2020/texmf-dist/tex/latex/comment/comment.sty
\CommentStream=\write3
 Excluding comment 'comment') Excluding comment 'CCSXML'
\c@@concepts=\count296
\mktitle@bx=\box50
\@ACM@commabox=\box51
\author@bx=\box52
\author@bx@wd=\dimen184
\author@bx@sep=\skip65
 (/usr/local/texlive/2020/texmf-dist/tex/latex/fancyhdr/fancyhdr.sty
Package: fancyhdr 2019/01/31 v3.10 Extensive control of page headers and footers
\f@nch@headwidth=\skip66
\f@nch@O@elh=\skip67
\f@nch@O@erh=\skip68
\f@nch@O@olh=\skip69
\f@nch@O@orh=\skip70
\f@nch@O@elf=\skip71
\f@nch@O@erf=\skip72
\f@nch@O@olf=\skip73
\f@nch@O@orf=\skip74
)
\ACM@linecount@bx=\box53
\ACM@linecount@bxht=\skip75
\ACM@linecount=\count297
\c@ACM@time@hours=\count298
\c@ACM@time@minutes=\count299
\@folio@wd=\dimen185
\@folio@ht=\dimen186
\@folio@voffset=\dimen187
 Special comment 'acks'
LaTeX Font Info:    Trying to load font information for T1+LinuxLibertineT-TLF on input line 2956.
 (/usr/local/texlive/2020/texmf-dist/tex/latex/libertine/T1LinuxLibertineT-TLF.fd
File: T1LinuxLibertineT-TLF.fd 2017/03/20 (autoinst) Font definitions for T1/LinuxLibertineT-TLF.
)
LaTeX Font Info:    Font shape `T1/LinuxLibertineT-TLF/m/n' will be
(Font)              scaled to size 10.0pt on input line 2956.
)
Package hyperref Info: Option `pdfdisplaydoctitle' set `true' on input line 87.
\c@theorem=\count300
 Excluding comment 'screenonly' Include comment 'printonly' Include comment 'anonsuppress' (/usr/local/texlive/2020/texmf-dist/tex/latex/l3backend/l3backend-pdfmode.def
File: l3backend-pdfmode.def 2020-03-12 L3 backend support: PDF mode
\l__kernel_color_stack_int=\count301
\l__pdf_internal_box=\box54
) (/Users/sarahhiguchi-crowell/Desktop/CHI2021-Scientific-Knowledge-Sharing-at-Scale-During-Pandemic/CHI-2020_Challenges to Knowledge Sharing.aux

LaTeX Warning: Label `Shortcomings of Scientific Knowledge Sharing on Twitter' multiply defined.

)
\openout1 = `"CHI-2020_Challenges to Knowledge Sharing.aux"'.

LaTeX Font Info:    Checking defaults for OML/nxlmi/m/it on input line 87.
LaTeX Font Info:    Trying to load font information for OML+nxlmi on input line 87.
 (/usr/local/texlive/2020/texmf-dist/tex/latex/newtx/omlnxlmi.fd
File: omlnxlmi.fd 2013/11/19 Fontinst v1.933 font definitions for OML/nxlmi.
)
LaTeX Font Info:    ... okay on input line 87.
LaTeX Font Info:    Checking defaults for OMS/cmsy/m/n on input line 87.
LaTeX Font Info:    ... okay on input line 87.
LaTeX Font Info:    Checking defaults for OT1/cmr/m/n on input line 87.
LaTeX Font Info:    ... okay on input line 87.
LaTeX Font Info:    Checking defaults for T1/cmr/m/n on input line 87.
LaTeX Font Info:    ... okay on input line 87.
LaTeX Font Info:    Checking defaults for TS1/cmr/m/n on input line 87.
LaTeX Font Info:    ... okay on input line 87.
LaTeX Font Info:    Checking defaults for OMX/cmex/m/n on input line 87.
LaTeX Font Info:    ... okay on input line 87.
LaTeX Font Info:    Checking defaults for U/ntxexa/m/n on input line 87.
LaTeX Font Info:    Trying to load font information for U+ntxexa on input line 87.
 (/usr/local/texlive/2020/texmf-dist/tex/latex/newtx/untxexa.fd
File: untxexa.fd 2012/04/16 Fontinst v1.933 font definitions for U/ntxexa.
)
LaTeX Font Info:    ... okay on input line 87.
LaTeX Font Info:    Checking defaults for PD1/pdf/m/n on input line 87.
LaTeX Font Info:    ... okay on input line 87.
LaTeX Font Info:    Checking defaults for PU/pdf/m/n on input line 87.
LaTeX Font Info:    ... okay on input line 87.
LaTeX Font Info:    Checking defaults for LMS/ntxsy/m/n on input line 87.
LaTeX Font Info:    Trying to load font information for LMS+ntxsy on input line 87.
 (/usr/local/texlive/2020/texmf-dist/tex/latex/newtx/lmsntxsy.fd
File: lmsntxsy.fd 2016/07/02 Fontinst v1.933 font definitions for LMS/ntxsy.
)
LaTeX Font Info:    ... okay on input line 87.
LaTeX Font Info:    Checking defaults for LMX/ntxexx/m/n on input line 87.
LaTeX Font Info:    Trying to load font information for LMX+ntxexx on input line 87.
 (/usr/local/texlive/2020/texmf-dist/tex/latex/newtx/lmxntxexx.fd
File: lmxntxexx.fd 2016/07/03 Fontinst v1.933 font definitions for LMX/ntxexx.
)
LaTeX Font Info:    ... okay on input line 87.
LaTeX Font Info:    Font shape `T1/LinuxLibertineT-TLF/m/n' will be
(Font)              scaled to size 8.0pt on input line 87.
LaTeX Font Info:    Trying to load font information for OT1+LinuxLibertineT-TLF on input line 87.
 (/usr/local/texlive/2020/texmf-dist/tex/latex/libertine/OT1LinuxLibertineT-TLF.fd
File: OT1LinuxLibertineT-TLF.fd 2017/03/20 (autoinst) Font definitions for OT1/LinuxLibertineT-TLF.
)
LaTeX Font Info:    Font shape `OT1/LinuxLibertineT-TLF/m/n' will be
(Font)              scaled to size 8.0pt on input line 87.
<<ot1.cmap>>
LaTeX Font Info:    Font shape `OT1/LinuxLibertineT-TLF/m/n' will be
(Font)              scaled to size 6.2pt on input line 87.
LaTeX Font Info:    Font shape `OT1/LinuxLibertineT-TLF/m/n' will be
(Font)              scaled to size 5.5pt on input line 87.
<<oml.cmap>>
LaTeX Font Info:    Trying to load font information for U+msa on input line 87.
 (/usr/local/texlive/2020/texmf-dist/tex/latex/amsfonts/umsa.fd
File: umsa.fd 2013/01/14 v3.01 AMS symbols A
)
LaTeX Font Info:    Trying to load font information for U+msb on input line 87.
 (/usr/local/texlive/2020/texmf-dist/tex/latex/amsfonts/umsb.fd
File: umsb.fd 2013/01/14 v3.01 AMS symbols B
)
LaTeX Font Info:    Trying to load font information for U+ntxmia on input line 87.
 (/usr/local/texlive/2020/texmf-dist/tex/latex/newtx/untxmia.fd
File: untxmia.fd 2018/04/14 Fontinst v1.933 font definitions for U/ntxmia.
)
LaTeX Font Info:    Trying to load font information for U+ntxsym on input line 87.
 (/usr/local/texlive/2020/texmf-dist/tex/latex/newtx/untxsym.fd
File: untxsym.fd 2015/03/20 Fontinst v1.933 font definitions for U/ntxsym.
)
LaTeX Font Info:    Trying to load font information for U+ntxsyc on input line 87.
 (/usr/local/texlive/2020/texmf-dist/tex/latex/newtx/untxsyc.fd
File: untxsyc.fd 2012/04/12 Fontinst v1.933 font definitions for U/ntxsyc.
)
LaTeX Info: Redefining \microtypecontext on input line 87.
Package microtype Info: Generating PDF output.
Package microtype Info: Character protrusion enabled (level 2).
Package microtype Info: Using default protrusion set `alltext'.
Package microtype Info: Automatic font expansion enabled (level 2),
(microtype)             stretch: 20, shrink: 20, step: 1, non-selected.
Package microtype Info: Using default expansion set `basictext'.
LaTeX Info: Redefining \showhyphens on input line 87.
Package microtype Info: No adjustment of tracking.
Package microtype Info: No adjustment of interword spacing.
Package microtype Info: No adjustment of character kerning.
Package microtype Info: Loading generic protrusion settings for font family
(microtype)             `LinuxLibertineT-TLF' (encoding: T1).
(microtype)             For optimal results, create family-specific settings.
(microtype)             See the microtype manual for details.
 ABD: EveryShipout initializing macros
\AtBeginShipoutBox=\box55
Package hyperref Info: Link coloring OFF on input line 87.
 (/usr/local/texlive/2020/texmf-dist/tex/latex/hyperref/nameref.sty
Package: nameref 2019/09/16 v2.46 Cross-referencing by name of section
 (/usr/local/texlive/2020/texmf-dist/tex/generic/gettitlestring/gettitlestring.sty
Package: gettitlestring 2019/12/15 v1.6 Cleanup title references (HO)
)
\c@section@level=\count302
)
LaTeX Info: Redefining \ref on input line 87.
LaTeX Info: Redefining \pageref on input line 87.
LaTeX Info: Redefining \nameref on input line 87.
 (/Users/sarahhiguchi-crowell/Desktop/CHI2021-Scientific-Knowledge-Sharing-at-Scale-During-Pandemic/CHI-2020_Challenges to Knowledge Sharing.out) (/Users/sarahhiguchi-crowell/Desktop/CHI2021-Scientific-Knowledge-Sharing-at-Scale-During-Pandemic/CHI-2020_Challenges to Knowledge Sharing.out)
\@outlinefile=\write4
\openout4 = `"CHI-2020_Challenges to Knowledge Sharing.out"'.

 (/usr/local/texlive/2020/texmf-dist/tex/context/base/mkii/supp-pdf.mkii
[Loading MPS to PDF converter (version 2006.09.02).]
\scratchcounter=\count303
\scratchdimen=\dimen188
\scratchbox=\box56
\nofMPsegments=\count304
\nofMParguments=\count305
\everyMPshowfont=\toks36
\MPscratchCnt=\count306
\MPscratchDim=\dimen189
\MPnumerator=\count307
\makeMPintoPDFobject=\count308
\everyMPtoPDFconversion=\toks37
) (/usr/local/texlive/2020/texmf-dist/tex/latex/epstopdf-pkg/epstopdf-base.sty
Package: epstopdf-base 2020-01-24 v2.11 Base part for package epstopdf
Package epstopdf-base Info: Redefining graphics rule for `.eps' on input line 485.
 (/usr/local/texlive/2020/texmf-dist/tex/latex/latexconfig/epstopdf-sys.cfg
File: epstopdf-sys.cfg 2010/07/13 v1.3 Configuration of (r)epstopdf for TeX Live
))
*geometry* driver: auto-detecting
*geometry* detected driver: pdftex
*geometry* verbose mode - [ preamble ] result:
* driver: pdftex
* paper: custom
* layout: <same size as paper>
* layoutoffset:(h,v)=(0.0pt,0.0pt)
* modes: includehead includefoot twoside heightrounded 
* h-part:(L,W,R)=(46.0pt, 395.8225pt, 46.0pt)
* v-part:(T,H,B)=(58.0pt, 620.7pt, 44.0pt)
* \paperwidth=487.8225pt
* \paperheight=722.7pt
* \textwidth=395.8225pt
* \textheight=574.0pt
* \oddsidemargin=-26.26999pt
* \evensidemargin=-26.26999pt
* \topmargin=-14.26999pt
* \headheight=13.0pt
* \headsep=14.0pt
* \topskip=10.0pt
* \footskip=24.0pt
* \marginparwidth=24.0pt
* \marginparsep=11.0pt
* \columnsep=10.0pt
* \skip\footins=7.0pt plus 11.0pt
* \hoffset=0.0pt
* \voffset=0.0pt
* \mag=1000
* \@twocolumnfalse
* \@twosidetrue
* \@mparswitchtrue
* \@reversemarginfalse
* (1in=72.27pt=25.4mm, 1cm=28.453pt)

\c@mv@tabular=\count309
\c@mv@boldtabular=\count310
(/usr/local/texlive/2020/texmf-dist/tex/latex/upquote/upquote.sty
Package: upquote 2012/04/19 v1.3 upright-quote and grave-accent glyphs in verbatim
)
Package caption Info: Begin \AtBeginDocument code.
Package caption Info: float package is loaded.
Package caption Info: End \AtBeginDocument code.
 Excluding 'CCSXML' comment.
LaTeX Font Info:    Font shape `T1/LinuxLibertineT-TLF/m/n' will be
(Font)              scaled to size 14.4pt on input line 188.
LaTeX Font Info:    Trying to load font information for T1+LinuxBiolinumT-TLF on input line 188.
 (/usr/local/texlive/2020/texmf-dist/tex/latex/libertine/T1LinuxBiolinumT-TLF.fd
File: T1LinuxBiolinumT-TLF.fd 2017/03/20 (autoinst) Font definitions for T1/LinuxBiolinumT-TLF.
)
LaTeX Font Info:    Font shape `T1/LinuxBiolinumT-TLF/m/n' will be
(Font)              scaled to size 14.4pt on input line 188.
Package microtype Info: Loading generic protrusion settings for font family
(microtype)             `LinuxBiolinumT-TLF' (encoding: T1).
(microtype)             For optimal results, create family-specific settings.
(microtype)             See the microtype manual for details.
LaTeX Font Info:    Font shape `T1/LinuxBiolinumT-TLF/b/n' will be
(Font)              scaled to size 14.4pt on input line 188.
LaTeX Font Info:    Font shape `T1/LinuxLibertineT-TLF/m/n' will be
(Font)              scaled to size 10.95pt on input line 188.
LaTeX Font Info:    Font shape `T1/LinuxBiolinumT-TLF/m/n' will be
(Font)              scaled to size 10.95pt on input line 188.
LaTeX Font Info:    Font shape `OT1/LinuxLibertineT-TLF/m/n' will be
(Font)              scaled to size 10.95pt on input line 188.
Package microtype Info: Loading generic protrusion settings for font family
(microtype)             `LinuxLibertineT-TLF' (encoding: OT1).
(microtype)             For optimal results, create family-specific settings.
(microtype)             See the microtype manual for details.
LaTeX Font Info:    Font shape `OT1/LinuxLibertineT-TLF/m/n' will be
(Font)              scaled to size 6.1pt on input line 188.
 (/usr/local/texlive/2020/texmf-dist/tex/latex/microtype/mt-msa.cfg
File: mt-msa.cfg 2006/02/04 v1.1 microtype config. file: AMS symbols (a) (RS)
) (/usr/local/texlive/2020/texmf-dist/tex/latex/microtype/mt-msb.cfg
File: mt-msb.cfg 2005/06/01 v1.0 microtype config. file: AMS symbols (b) (RS)
)
LaTeX Font Info:    Trying to load font information for TS1+LinuxBiolinumT-TLF on input line 188.
 (/usr/local/texlive/2020/texmf-dist/tex/latex/libertine/TS1LinuxBiolinumT-TLF.fd
File: TS1LinuxBiolinumT-TLF.fd 2017/03/20 (autoinst) Font definitions for TS1/LinuxBiolinumT-TLF.
)
LaTeX Font Info:    Font shape `TS1/LinuxBiolinumT-TLF/m/n' will be
(Font)              scaled to size 8.0pt on input line 188.
Package microtype Info: Loading generic protrusion settings for font family
(microtype)             `LinuxBiolinumT-TLF' (encoding: TS1).
(microtype)             For optimal results, create family-specific settings.
(microtype)             See the microtype manual for details.
LaTeX Font Info:    Font shape `T1/LinuxBiolinumT-TLF/m/n' will be
(Font)              scaled to size 9.0pt on input line 188.
LaTeX Font Info:    Font shape `T1/LinuxLibertineT-TLF/m/n' will be
(Font)              scaled to size 9.0pt on input line 188.
LaTeX Font Info:    Font shape `T1/LinuxLibertineT-TLF/m/n' will be
(Font)              scaled to size 6.2pt on input line 188.
LaTeX Font Info:    Trying to load font information for TS1+LinuxLibertineT-TLF on input line 188.
 (/usr/local/texlive/2020/texmf-dist/tex/latex/libertine/TS1LinuxLibertineT-TLF.fd
File: TS1LinuxLibertineT-TLF.fd 2017/03/20 (autoinst) Font definitions for TS1/LinuxLibertineT-TLF.
)
LaTeX Font Info:    Font shape `TS1/LinuxLibertineT-TLF/m/n' will be
(Font)              scaled to size 6.2pt on input line 188.
Package microtype Info: Loading generic protrusion settings for font family
(microtype)             `LinuxLibertineT-TLF' (encoding: TS1).
(microtype)             For optimal results, create family-specific settings.
(microtype)             See the microtype manual for details.
LaTeX Font Info:    Font shape `T1/LinuxLibertineT-TLF/b/n' will be
(Font)              scaled to size 10.95pt on input line 188.
LaTeX Font Info:    Font shape `T1/LinuxLibertineT-TLF/m/it' will be
(Font)              scaled to size 8.0pt on input line 188.
LaTeX Font Info:    Font shape `TS1/LinuxLibertineT-TLF/m/n' will be
(Font)              scaled to size 8.0pt on input line 188.
LaTeX Font Info:    Font shape `OT1/LinuxLibertineT-TLF/m/n' will be
(Font)              scaled to size 9.0pt on input line 188.
LaTeX Font Info:    Font shape `OT1/LinuxLibertineT-TLF/m/n' will be
(Font)              scaled to size 7.3pt on input line 188.


Class acmart Warning: \vspace should only be used to provide space above/below surrounding objects on input line 188.

LaTeX Font Info:    Font shape `TS1/LinuxLibertineT-TLF/m/n' will be
(Font)              scaled to size 9.0pt on input line 188.
LaTeX Font Info:    Font shape `T1/LinuxLibertineT-TLF/b/n' will be
(Font)              scaled to size 9.0pt on input line 188.
LaTeX Font Info:    Font shape `T1/LinuxLibertineT-TLF/m/it' will be
(Font)              scaled to size 9.0pt on input line 188.

Class acmart Warning: \vspace should only be used to provide space above/below surrounding objects on input line 188.

LaTeX Font Info:    Font shape `T1/LinuxBiolinumT-TLF/m/n' will be
(Font)              scaled to size 10.0pt on input line 190.
LaTeX Font Info:    Font shape `T1/LinuxBiolinumT-TLF/b/n' will be
(Font)              scaled to size 10.0pt on input line 190.
LaTeX Font Info:    Font shape `T1/LinuxLibertineT-TLF/m/n' will be
(Font)              scaled to size 36.135pt on input line 202.
LaTeX Font Info:    Calculating math sizes for size <36.135> on input line 202.
LaTeX Font Info:    Font shape `OT1/LinuxLibertineT-TLF/m/n' will be
(Font)              scaled to size 36.135pt on input line 202.
LaTeX Font Info:    Font shape `OT1/LinuxLibertineT-TLF/m/n' will be
(Font)              scaled to size 26.37839pt on input line 202.
LaTeX Font Info:    Font shape `OT1/LinuxLibertineT-TLF/m/n' will be
(Font)              scaled to size 19.87434pt on input line 202.

Class acmart Warning: \vspace should only be used to provide space above/below surrounding objects on input line 202.


Class acmart Warning: \vspace should only be used to provide space above/below surrounding objects on input line 202.

LaTeX Font Info:    Font shape `T1/LinuxLibertineT-TLF/m/n' will be
(Font)              scaled to size 7.0pt on input line 202.
[1.1{/usr/local/texlive/2020/texmf-var/fonts/map/pdftex/updmap/pdftex.map}]
LaTeX Font Info:    Font shape `OT1/LinuxLibertineT-TLF/m/n' will be
(Font)              scaled to size 10.0pt on input line 203.


Class acmart Warning: \vspace should only be used to provide space above/below surrounding objects on input line 223.


Class acmart Warning: \vspace should only be used to provide space above/below surrounding objects on input line 223.

LaTeX Font Info:    Font shape `T1/LinuxBiolinumT-TLF/m/n' will be
(Font)              scaled to size 8.0pt on input line 223.
[2.2]
LaTeX Font Info:    Font shape `T1/LinuxLibertineT-TLF/b/n' will be
(Font)              scaled to size 10.0pt on input line 232.

Overfull \hbox (1.56726pt too wide) in paragraph at lines 232--233
[]\T1/LinuxLibertineT-TLF/b/n/10 Social and psy-cho-log-i-cal as-pects: Sci-ence of Team Sci-ence, Cit-i-zen Sci-ence and Trans-
 []

LaTeX Font Info:    Font shape `T1/LinuxLibertineT-TLF/m/it' will be
(Font)              scaled to size 10.0pt on input line 234.

Underfull \vbox (badness 3250) has occurred while \output is active []



Class acmart Warning: \vspace should only be used to provide space above/below surrounding objects on input line 237.


Class acmart Warning: \vspace should only be used to provide space above/below surrounding objects on input line 237.

[3.3]

Class acmart Warning: \vspace should only be used to provide space above/below surrounding objects on input line 258.


Class acmart Warning: \vspace should only be used to provide space above/below surrounding objects on input line 258.

[4.4]
LaTeX Font Info:    Font shape `T1/LinuxBiolinumT-TLF/m/it' will be
(Font)              scaled to size 10.0pt on input line 268.


Class acmart Warning: \vspace should only be used to provide space above/below surrounding objects on input line 282.


Class acmart Warning: \vspace should only be used to provide space above/below surrounding objects on input line 282.

[5.5]

Class acmart Warning: \vspace should only be used to provide space above/below surrounding objects on input line 295.


Class acmart Warning: \vspace should only be used to provide space above/below surrounding objects on input line 295.

[6.6]

Class acmart Warning: \vspace should only be used to provide space above/below surrounding objects on input line 322.


Class acmart Warning: \vspace should only be used to provide space above/below surrounding objects on input line 322.

[7.7]

Class acmart Warning: \vspace should only be used to provide space above/below surrounding objects on input line 356.


Class acmart Warning: \vspace should only be used to provide space above/below surrounding objects on input line 356.

[8.8]
<Pictures/Airtable.png, id=361, 1374.13374pt x 491.8375pt>
File: Pictures/Airtable.png Graphic file (type png)
<use Pictures/Airtable.png>
Package pdftex.def Info: Pictures/Airtable.png  used on input line 375.
(pdftex.def)             Requested size: 395.8225pt x 141.6686pt.


Class acmart Warning: \vspace should only be used to provide space above/below surrounding objects on input line 391.


Class acmart Warning: \vspace should only be used to provide space above/below surrounding objects on input line 391.

[9.9 </Users/sarahhiguchi-crowell/Desktop/CHI2021-Scientific-Knowledge-Sharing-at-Scale-During-Pandemic/Pictures/Airtable.png>]
Overfull \hbox (19.42429pt too wide) in paragraph at lines 398--399
[]\T1/LinuxLibertineT-TLF/m/n/10 (-20) Difficulties in ef-fi-ciently in-form-ing re-search com-mu-nity about in-ap-pro-pri-ate re-sults/interpretations
 []

<Pictures/kuppalli_tweet.png, id=377, 606.265pt x 493.845pt>
File: Pictures/kuppalli_tweet.png Graphic file (type png)
<use Pictures/kuppalli_tweet.png>
Package pdftex.def Info: Pictures/kuppalli_tweet.png  used on input line 418.
(pdftex.def)             Requested size: 237.49591pt x 193.45781pt.

Underfull \vbox (badness 2073) has occurred while \output is active []



Class acmart Warning: \vspace should only be used to provide space above/below surrounding objects on input line 427.


Class acmart Warning: \vspace should only be used to provide space above/below surrounding objects on input line 427.

[10.10]

Class acmart Warning: \vspace should only be used to provide space above/below surrounding objects on input line 434.


Class acmart Warning: \vspace should only be used to provide space above/below surrounding objects on input line 434.

[11.11 </Users/sarahhiguchi-crowell/Desktop/CHI2021-Scientific-Knowledge-Sharing-at-Scale-During-Pandemic/Pictures/kuppalli_tweet.png>]
<Pictures/elisabeth_tweet.png, id=421, 542.025pt x 611.28375pt>
File: Pictures/elisabeth_tweet.png Graphic file (type png)
<use Pictures/elisabeth_tweet.png>
Package pdftex.def Info: Pictures/elisabeth_tweet.png  used on input line 454.
(pdftex.def)             Requested size: 197.91124pt x 223.196pt.
<Pictures/retraction watch tweet.png, id=424, 481.8pt x 652.4375pt>
File: Pictures/retraction watch tweet.png Graphic file (type png)
<use Pictures/retraction watch tweet.png>
Package pdftex.def Info: Pictures/retraction watch tweet.png  used on input line 465.
(pdftex.def)             Requested size: 158.32657pt x 214.3991pt.

Overfull \hbox (16.06279pt too wide) in paragraph at lines 465--465
[][] 
 []

<Pictures/carlos tweet.png, id=425, 480.79625pt x 371.3875pt>
File: Pictures/carlos tweet.png Graphic file (type png)
<use Pictures/carlos tweet.png>
Package pdftex.def Info: Pictures/carlos tweet.png  used on input line 468.
(pdftex.def)             Requested size: 170.7161pt x 131.86897pt.

Overfull \hbox (28.45232pt too wide) in paragraph at lines 468--469
[][] 
 []


Class acmart Warning: \vspace should only be used to provide space above/below surrounding objects on input line 481.


Class acmart Warning: \vspace should only be used to provide space above/below surrounding objects on input line 481.

[12.12]

Class acmart Warning: \vspace should only be used to provide space above/below surrounding objects on input line 485.


Class acmart Warning: \vspace should only be used to provide space above/below surrounding objects on input line 485.

[13.13 </Users/sarahhiguchi-crowell/Desktop/CHI2021-Scientific-Knowledge-Sharing-at-Scale-During-Pandemic/Pictures/elisabeth_tweet.png> </Users/sarahhiguchi-crowell/Desktop/CHI2021-Scientific-Knowledge-Sharing-at-Scale-During-Pandemic/Pictures/retraction watch tweet.png> </Users/sarahhiguchi-crowell/Desktop/CHI2021-Scientific-Knowledge-Sharing-at-Scale-During-Pandemic/Pictures/carlos tweet.png>]

Class acmart Warning: \vspace should only be used to provide space above/below surrounding objects on input line 513.


Class acmart Warning: \vspace should only be used to provide space above/below surrounding objects on input line 513.

[14.14]
<Pictures/barabasi tweet.png, id=489, 480.79625pt x 281.05pt>
File: Pictures/barabasi tweet.png Graphic file (type png)
<use Pictures/barabasi tweet.png>
Package pdftex.def Info: Pictures/barabasi tweet.png  used on input line 519.
(pdftex.def)             Requested size: 237.49591pt x 138.8307pt.
<Pictures/philippe_tweet.png, id=492, 607.26875pt x 477.785pt>
File: Pictures/philippe_tweet.png Graphic file (type png)
<use Pictures/philippe_tweet.png>
Package pdftex.def Info: Pictures/philippe_tweet.png  used on input line 526.
(pdftex.def)             Requested size: 237.49591pt x 186.85301pt.
<Pictures/konig tweet.png, id=495, 598.235pt x 417.56pt>
File: Pictures/konig tweet.png Graphic file (type png)
<use Pictures/konig tweet.png>
Package pdftex.def Info: Pictures/konig tweet.png  used on input line 533.
(pdftex.def)             Requested size: 237.49591pt x 165.77223pt.


Class acmart Warning: \vspace should only be used to provide space above/below surrounding objects on input line 544.


Class acmart Warning: \vspace should only be used to provide space above/below surrounding objects on input line 544.

[15.15 </Users/sarahhiguchi-crowell/Desktop/CHI2021-Scientific-Knowledge-Sharing-at-Scale-During-Pandemic/Pictures/barabasi tweet.png> </Users/sarahhiguchi-crowell/Desktop/CHI2021-Scientific-Knowledge-Sharing-at-Scale-During-Pandemic/Pictures/philippe_tweet.png>]

Class acmart Warning: \vspace should only be used to provide space above/below surrounding objects on input line 561.


Class acmart Warning: \vspace should only be used to provide space above/below surrounding objects on input line 561.

[16.16 </Users/sarahhiguchi-crowell/Desktop/CHI2021-Scientific-Knowledge-Sharing-at-Scale-During-Pandemic/Pictures/konig tweet.png>]

Class acmart Warning: \vspace should only be used to provide space above/below surrounding objects on input line 582.


Class acmart Warning: \vspace should only be used to provide space above/below surrounding objects on input line 582.

[17.17]
Underfull \vbox (badness 10000) has occurred while \output is active []



Class acmart Warning: \vspace should only be used to provide space above/below surrounding objects on input line 612.


Class acmart Warning: \vspace should only be used to provide space above/below surrounding objects on input line 612.

[18.18] (/Users/sarahhiguchi-crowell/Desktop/CHI2021-Scientific-Knowledge-Sharing-at-Scale-During-Pandemic/CHI-2020_Challenges to Knowledge Sharing.bbl
LaTeX Info: Redefining \tempurl on input line 126.
LaTeX Info: Redefining \tempurl on input line 142.
LaTeX Info: Redefining \tempurl on input line 158.

Underfull \vbox (badness 3701) has occurred while \output is active []



Class acmart Warning: \vspace should only be used to provide space above/below surrounding objects on input line 191.


Class acmart Warning: \vspace should only be used to provide space above/below surrounding objects on input line 191.

[19.19]
LaTeX Info: Redefining \tempurl on input line 213.
LaTeX Info: Redefining \tempurl on input line 229.
LaTeX Info: Redefining \tempurl on input line 256.
LaTeX Info: Redefining \tempurl on input line 300.
LaTeX Info: Redefining \tempurl on input line 362.

Underfull \vbox (badness 10000) has occurred while \output is active []



Class acmart Warning: \vspace should only be used to provide space above/below surrounding objects on input line 511.


Class acmart Warning: \vspace should only be used to provide space above/below surrounding objects on input line 511.

[20.20]
LaTeX Info: Redefining \tempurl on input line 564.
LaTeX Info: Redefining \tempurl on input line 641.
LaTeX Info: Redefining \tempurl on input line 851.

Underfull \vbox (badness 6396) has occurred while \output is active []



Class acmart Warning: \vspace should only be used to provide space above/below surrounding objects on input line 854.


Class acmart Warning: \vspace should only be used to provide space above/below surrounding objects on input line 854.

[21.21]
LaTeX Info: Redefining \tempurl on input line 865.
LaTeX Info: Redefining \tempurl on input line 907.
LaTeX Info: Redefining \tempurl on input line 920.
LaTeX Info: Redefining \tempurl on input line 937.
LaTeX Info: Redefining \tempurl on input line 1019.
LaTeX Info: Redefining \tempurl on input line 1036.
LaTeX Info: Redefining \tempurl on input line 1050.
LaTeX Info: Redefining \tempurl on input line 1065.
LaTeX Info: Redefining \tempurl on input line 1082.
LaTeX Info: Redefining \tempurl on input line 1098.
LaTeX Info: Redefining \tempurl on input line 1110.
LaTeX Info: Redefining \tempurl on input line 1135.

Underfull \vbox (badness 10000) has occurred while \output is active []



Class acmart Warning: \vspace should only be used to provide space above/below surrounding objects on input line 1155.


Class acmart Warning: \vspace should only be used to provide space above/below surrounding objects on input line 1155.

[22.22]
LaTeX Info: Redefining \tempurl on input line 1277.
LaTeX Info: Redefining \tempurl on input line 1316.
LaTeX Info: Redefining \tempurl on input line 1331.
LaTeX Info: Redefining \tempurl on input line 1347.
LaTeX Info: Redefining \tempurl on input line 1375.

Underfull \vbox (badness 6396) has occurred while \output is active []



Class acmart Warning: \vspace should only be used to provide space above/below surrounding objects on input line 1452.


Class acmart Warning: \vspace should only be used to provide space above/below surrounding objects on input line 1452.

[23.23]
LaTeX Info: Redefining \tempurl on input line 1523.
LaTeX Info: Redefining \tempurl on input line 1539.
LaTeX Info: Redefining \tempurl on input line 1567.

Underfull \hbox (badness 1400) in paragraph at lines 1558--1570
\T1/LinuxLibertineT-TLF/m/n/8 (+20) jumbi, let the clin-i-cal tri-als and ex-per-i-ments on your drugs talk for you not the YouTube videos'' Full
 []

LaTeX Info: Redefining \tempurl on input line 1645.
LaTeX Info: Redefining \tempurl on input line 1668.
LaTeX Info: Redefining \tempurl on input line 1680.
LaTeX Info: Redefining \tempurl on input line 1691.
LaTeX Info: Redefining \tempurl on input line 1739.
LaTeX Info: Redefining \tempurl on input line 1752.
LaTeX Info: Redefining \tempurl on input line 1782.

Underfull \vbox (badness 6396) has occurred while \output is active []



Class acmart Warning: \vspace should only be used to provide space above/below surrounding objects on input line 1785.


Class acmart Warning: \vspace should only be used to provide space above/below surrounding objects on input line 1785.

[24.24])
<Pictures/Appendix_Tweets/adeeba kamarulzaman tweet.png, id=647, 450.68375pt x 321.2pt>
File: Pictures/Appendix_Tweets/adeeba kamarulzaman tweet.png Graphic file (type png)
<use Pictures/Appendix_Tweets/adeeba kamarulzaman tweet.png>
Package pdftex.def Info: Pictures/Appendix_Tweets/adeeba kamarulzaman tweet.png  used on input line 662.
(pdftex.def)             Requested size: 197.91124pt x 141.04907pt.
<Pictures/Appendix_Tweets/alice sim tweet.png, id=648, 449.68pt x 578.16pt>
File: Pictures/Appendix_Tweets/alice sim tweet.png Graphic file (type png)
<use Pictures/Appendix_Tweets/alice sim tweet.png>
Package pdftex.def Info: Pictures/Appendix_Tweets/alice sim tweet.png  used on input line 669.
(pdftex.def)             Requested size: 197.91124pt x 254.45294pt.
<Pictures/Appendix_Tweets/andy slavitt tweet.png, id=649, 605.26125pt x 175.65625pt>
File: Pictures/Appendix_Tweets/andy slavitt tweet.png Graphic file (type png)
<use Pictures/Appendix_Tweets/andy slavitt tweet.png>
Package pdftex.def Info: Pictures/Appendix_Tweets/andy slavitt tweet.png  used on input line 676.
(pdftex.def)             Requested size: 197.91124pt x 57.43604pt.
<Pictures/Appendix_Tweets/andy slavitt tweet2.png, id=650, 598.235pt x 170.6375pt>
File: Pictures/Appendix_Tweets/andy slavitt tweet2.png Graphic file (type png)
<use Pictures/Appendix_Tweets/andy slavitt tweet2.png>
Package pdftex.def Info: Pictures/Appendix_Tweets/andy slavitt tweet2.png  used on input line 683.
(pdftex.def)             Requested size: 197.91124pt x 56.45114pt.
<Pictures/Appendix_Tweets/angela rasmussen tweet.png, id=651, 483.8075pt x 306.14375pt>
File: Pictures/Appendix_Tweets/angela rasmussen tweet.png Graphic file (type png)
<use Pictures/Appendix_Tweets/angela rasmussen tweet.png>
Package pdftex.def Info: Pictures/Appendix_Tweets/angela rasmussen tweet.png  used on input line 690.
(pdftex.def)             Requested size: 197.91124pt x 125.23479pt.
<Pictures/Appendix_Tweets/angela rasmussen tweet2.png, id=652, 480.79625pt x 254.9525pt>
File: Pictures/Appendix_Tweets/angela rasmussen tweet2.png Graphic file (type png)
<use Pictures/Appendix_Tweets/angela rasmussen tweet2.png>
Package pdftex.def Info: Pictures/Appendix_Tweets/angela rasmussen tweet2.png  used on input line 697.
(pdftex.def)             Requested size: 197.91124pt x 104.94745pt.
<Pictures/Appendix_Tweets/angela rasmussen tweet3.png, id=653, 531.9875pt x 307.1475pt>
File: Pictures/Appendix_Tweets/angela rasmussen tweet3.png Graphic file (type png)
<use Pictures/Appendix_Tweets/angela rasmussen tweet3.png>
Package pdftex.def Info: Pictures/Appendix_Tweets/angela rasmussen tweet3.png  used on input line 704.
(pdftex.def)             Requested size: 197.91124pt x 114.26143pt.
<Pictures/Appendix_Tweets/angela rasmussen tweet4.png, id=654, 541.02126pt x 280.04625pt>
File: Pictures/Appendix_Tweets/angela rasmussen tweet4.png Graphic file (type png)
<use Pictures/Appendix_Tweets/angela rasmussen tweet4.png>
Package pdftex.def Info: Pictures/Appendix_Tweets/angela rasmussen tweet4.png  used on input line 711.
(pdftex.def)             Requested size: 197.91124pt x 102.44463pt.
<Pictures/Appendix_Tweets/austin wright tweet.png, id=655, 477.785pt x 237.88875pt>
File: Pictures/Appendix_Tweets/austin wright tweet.png Graphic file (type png)
<use Pictures/Appendix_Tweets/austin wright tweet.png>
Package pdftex.def Info: Pictures/Appendix_Tweets/austin wright tweet.png  used on input line 718.
(pdftex.def)             Requested size: 197.91124pt x 98.53685pt.
<Pictures/Appendix_Tweets/bhramar mukherjee tweet.png, id=656, 483.8075pt x 189.70876pt>
File: Pictures/Appendix_Tweets/bhramar mukherjee tweet.png Graphic file (type png)
<use Pictures/Appendix_Tweets/bhramar mukherjee tweet.png>
Package pdftex.def Info: Pictures/Appendix_Tweets/bhramar mukherjee tweet.png  used on input line 725.
(pdftex.def)             Requested size: 197.91124pt x 77.6045pt.
<Pictures/Appendix_Tweets/block and vries tweet.png, id=657, 603.25375pt x 334.24875pt>
File: Pictures/Appendix_Tweets/block and vries tweet.png Graphic file (type png)
<use Pictures/Appendix_Tweets/block and vries tweet.png>
Package pdftex.def Info: Pictures/Appendix_Tweets/block and vries tweet.png  used on input line 732.
(pdftex.def)             Requested size: 197.91124pt x 109.6547pt.
<Pictures/Appendix_Tweets/c michael gibson tweet.png, id=658, 595.22375pt x 561.09625pt>
File: Pictures/Appendix_Tweets/c michael gibson tweet.png Graphic file (type png)
<use Pictures/Appendix_Tweets/c michael gibson tweet.png>
Package pdftex.def Info: Pictures/Appendix_Tweets/c michael gibson tweet.png  used on input line 739.
(pdftex.def)             Requested size: 197.91124pt x 186.55788pt.
<Pictures/Appendix_Tweets/caitlin rivers tweet.png, id=659, 598.235pt x 432.61626pt>
File: Pictures/Appendix_Tweets/caitlin rivers tweet.png Graphic file (type png)
<use Pictures/Appendix_Tweets/caitlin rivers tweet.png>
Package pdftex.def Info: Pictures/Appendix_Tweets/caitlin rivers tweet.png  used on input line 746.
(pdftex.def)             Requested size: 197.91124pt x 143.12027pt.
<Pictures/Appendix_Tweets/caitlin rivers tweet2.png, id=660, 451.6875pt x 238.8925pt>
File: Pictures/Appendix_Tweets/caitlin rivers tweet2.png Graphic file (type png)
<use Pictures/Appendix_Tweets/caitlin rivers tweet2.png>
Package pdftex.def Info: Pictures/Appendix_Tweets/caitlin rivers tweet2.png  used on input line 753.
(pdftex.def)             Requested size: 197.91124pt x 104.67558pt.
<Pictures/Appendix_Tweets/caitlin rivers tweet2 contd.png, id=661, 449.68pt x 345.29pt>
File: Pictures/Appendix_Tweets/caitlin rivers tweet2 contd.png Graphic file (type png)
<use Pictures/Appendix_Tweets/caitlin rivers tweet2 contd.png>
Package pdftex.def Info: Pictures/Appendix_Tweets/caitlin rivers tweet2 contd.png  used on input line 760.
(pdftex.def)             Requested size: 197.91124pt x 151.96494pt.
<Pictures/Appendix_Tweets/caroline chen and arun divakaruni tweet.png, id=662, 449.68pt x 366.36874pt>
File: Pictures/Appendix_Tweets/caroline chen and arun divakaruni tweet.png Graphic file (type png)
<use Pictures/Appendix_Tweets/caroline chen and arun divakaruni tweet.png>
Package pdftex.def Info: Pictures/Appendix_Tweets/caroline chen and arun divakaruni tweet.png  used on input line 767.
(pdftex.def)             Requested size: 197.91124pt x 161.24187pt.
<Pictures/Appendix_Tweets/charulatha banerjee tweet.png, id=663, 301.125pt x 525.965pt>
File: Pictures/Appendix_Tweets/charulatha banerjee tweet.png Graphic file (type png)
<use Pictures/Appendix_Tweets/charulatha banerjee tweet.png>
Package pdftex.def Info: Pictures/Appendix_Tweets/charulatha banerjee tweet.png  used on input line 774.
(pdftex.def)             Requested size: 197.91124pt x 345.70139pt.
<Pictures/Appendix_Tweets/egon willighagen tweet.png, id=664, 454.69875pt x 608.2725pt>
File: Pictures/Appendix_Tweets/egon willighagen tweet.png Graphic file (type png)
<use Pictures/Appendix_Tweets/egon willighagen tweet.png>
Package pdftex.def Info: Pictures/Appendix_Tweets/egon willighagen tweet.png  used on input line 781.
(pdftex.def)             Requested size: 197.91124pt x 264.7542pt.
<Pictures/Appendix_Tweets/eli perencevich tweet.png, id=665, 598.235pt x 417.56pt>
File: Pictures/Appendix_Tweets/eli perencevich tweet.png Graphic file (type png)
<use Pictures/Appendix_Tweets/eli perencevich tweet.png>
Package pdftex.def Info: Pictures/Appendix_Tweets/eli perencevich tweet.png  used on input line 788.
(pdftex.def)             Requested size: 197.91124pt x 138.13927pt.
<Pictures/Appendix_Tweets/ellie murray tweet.png, id=666, 481.8pt x 360.34625pt>
File: Pictures/Appendix_Tweets/ellie murray tweet.png Graphic file (type png)
<use Pictures/Appendix_Tweets/ellie murray tweet.png>
Package pdftex.def Info: Pictures/Appendix_Tweets/ellie murray tweet.png  used on input line 795.
(pdftex.def)             Requested size: 197.91124pt x 148.01784pt.
<Pictures/Appendix_Tweets/ellie murray tweet contd.png, id=667, 301.125pt x 616.3025pt>
File: Pictures/Appendix_Tweets/ellie murray tweet contd.png Graphic file (type png)
<use Pictures/Appendix_Tweets/ellie murray tweet contd.png>
Package pdftex.def Info: Pictures/Appendix_Tweets/ellie murray tweet contd.png  used on input line 802.
(pdftex.def)             Requested size: 197.91124pt x 405.07759pt.
<Pictures/Appendix_Tweets/emma hodcroft tweet.png, id=668, 448.67625pt x 351.3125pt>
File: Pictures/Appendix_Tweets/emma hodcroft tweet.png Graphic file (type png)
<use Pictures/Appendix_Tweets/emma hodcroft tweet.png>
Package pdftex.def Info: Pictures/Appendix_Tweets/emma hodcroft tweet.png  used on input line 809.
(pdftex.def)             Requested size: 197.91124pt x 154.96393pt.
<Pictures/Appendix_Tweets/gail carson tweet.png, id=669, 450.68375pt x 550.055pt>
File: Pictures/Appendix_Tweets/gail carson tweet.png Graphic file (type png)
<use Pictures/Appendix_Tweets/gail carson tweet.png>
Package pdftex.def Info: Pictures/Appendix_Tweets/gail carson tweet.png  used on input line 816.
(pdftex.def)             Requested size: 197.91124pt x 241.54652pt.
<Pictures/Appendix_Tweets/geoffrey siwo tweet.png, id=670, 446.66875pt x 586.19pt>
File: Pictures/Appendix_Tweets/geoffrey siwo tweet.png Graphic file (type png)
<use Pictures/Appendix_Tweets/geoffrey siwo tweet.png>
Package pdftex.def Info: Pictures/Appendix_Tweets/geoffrey siwo tweet.png  used on input line 823.
(pdftex.def)             Requested size: 197.91124pt x 259.73119pt.
<Pictures/Appendix_Tweets/helen branswell tweet.png, id=671, 447.6725pt x 263.98625pt>
File: Pictures/Appendix_Tweets/helen branswell tweet.png Graphic file (type png)
<use Pictures/Appendix_Tweets/helen branswell tweet.png>
Package pdftex.def Info: Pictures/Appendix_Tweets/helen branswell tweet.png  used on input line 830.
(pdftex.def)             Requested size: 197.91124pt x 116.70615pt.
<Pictures/Appendix_Tweets/james todaro tweet.png, id=672, 450.68375pt x 435.6275pt>
File: Pictures/Appendix_Tweets/james todaro tweet.png Graphic file (type png)
<use Pictures/Appendix_Tweets/james todaro tweet.png>
Package pdftex.def Info: Pictures/Appendix_Tweets/james todaro tweet.png  used on input line 837.
(pdftex.def)             Requested size: 197.91124pt x 191.2978pt.
<Pictures/Appendix_Tweets/jason pogue tweet.png, id=673, 451.6875pt x 433.62pt>
File: Pictures/Appendix_Tweets/jason pogue tweet.png Graphic file (type png)
<use Pictures/Appendix_Tweets/jason pogue tweet.png>
Package pdftex.def Info: Pictures/Appendix_Tweets/jason pogue tweet.png  used on input line 844.
(pdftex.def)             Requested size: 197.91124pt x 189.9994pt.
<Pictures/Appendix_Tweets/jeremy howard tweet.png, id=674, 481.8pt x 635.37375pt>
File: Pictures/Appendix_Tweets/jeremy howard tweet.png Graphic file (type png)
<use Pictures/Appendix_Tweets/jeremy howard tweet.png>
Package pdftex.def Info: Pictures/Appendix_Tweets/jeremy howard tweet.png  used on input line 851.
(pdftex.def)             Requested size: 197.91124pt x 260.98967pt.
<Pictures/Appendix_Tweets/jose-luis jimenez tweet.png, id=675, 478.78876pt x 619.31375pt>
File: Pictures/Appendix_Tweets/jose-luis jimenez tweet.png Graphic file (type png)
<use Pictures/Appendix_Tweets/jose-luis jimenez tweet.png>
Package pdftex.def Info: Pictures/Appendix_Tweets/jose-luis jimenez tweet.png  used on input line 858.
(pdftex.def)             Requested size: 197.91124pt x 255.99927pt.
<Pictures/Appendix_Tweets/julie marcus tweet.png, id=676, 452.69125pt x 263.98625pt>
File: Pictures/Appendix_Tweets/julie marcus tweet.png Graphic file (type png)
<use Pictures/Appendix_Tweets/julie marcus tweet.png>
Package pdftex.def Info: Pictures/Appendix_Tweets/julie marcus tweet.png  used on input line 865.
(pdftex.def)             Requested size: 197.91124pt x 115.4091pt.
<Pictures/Appendix_Tweets/kareem carr tweet.png, id=677, 481.8pt x 287.0725pt>
File: Pictures/Appendix_Tweets/kareem carr tweet.png Graphic file (type png)
<use Pictures/Appendix_Tweets/kareem carr tweet.png>
Package pdftex.def Info: Pictures/Appendix_Tweets/kareem carr tweet.png  used on input line 872.
(pdftex.def)             Requested size: 197.91124pt x 117.9195pt.
<Pictures/Appendix_Tweets/kareem carr tweet2.png, id=678, 604.2575pt x 363.3575pt>
File: Pictures/Appendix_Tweets/kareem carr tweet2.png Graphic file (type png)
<use Pictures/Appendix_Tweets/kareem carr tweet2.png>
Package pdftex.def Info: Pictures/Appendix_Tweets/kareem carr tweet2.png  used on input line 879.
(pdftex.def)             Requested size: 197.91124pt x 119.01015pt.
<Pictures/Appendix_Tweets/kareem carr tweet2 contd.png, id=679, 615.29875pt x 758.835pt>
File: Pictures/Appendix_Tweets/kareem carr tweet2 contd.png Graphic file (type png)
<use Pictures/Appendix_Tweets/kareem carr tweet2 contd.png>
Package pdftex.def Info: Pictures/Appendix_Tweets/kareem carr tweet2 contd.png  used on input line 886.
(pdftex.def)             Requested size: 197.91124pt x 244.0711pt.
<Pictures/Appendix_Tweets/krutika kuppalli tweet.png, id=680, 450.68375pt x 212.795pt>
File: Pictures/Appendix_Tweets/krutika kuppalli tweet.png Graphic file (type png)
<use Pictures/Appendix_Tweets/krutika kuppalli tweet.png>
Package pdftex.def Info: Pictures/Appendix_Tweets/krutika kuppalli tweet.png  used on input line 893.
(pdftex.def)             Requested size: 197.91124pt x 93.44499pt.
<Pictures/Appendix_Tweets/maria tapia tweet.png, id=681, 596.2275pt x 145.54375pt>
File: Pictures/Appendix_Tweets/maria tapia tweet.png Graphic file (type png)
<use Pictures/Appendix_Tweets/maria tapia tweet.png>
Package pdftex.def Info: Pictures/Appendix_Tweets/maria tapia tweet.png  used on input line 900.
(pdftex.def)             Requested size: 197.91124pt x 48.31161pt.
<Pictures/Appendix_Tweets/mariska leefland tweet.png, id=682, 447.6725pt x 447.6725pt>
File: Pictures/Appendix_Tweets/mariska leefland tweet.png Graphic file (type png)
<use Pictures/Appendix_Tweets/mariska leefland tweet.png>
Package pdftex.def Info: Pictures/Appendix_Tweets/mariska leefland tweet.png  used on input line 907.
(pdftex.def)             Requested size: 197.91124pt x 197.91234pt.
<Pictures/Appendix_Tweets/matt le tissier tweet.png, id=683, 450.68375pt x 264.99pt>
File: Pictures/Appendix_Tweets/matt le tissier tweet.png Graphic file (type png)
<use Pictures/Appendix_Tweets/matt le tissier tweet.png>
Package pdftex.def Info: Pictures/Appendix_Tweets/matt le tissier tweet.png  used on input line 914.
(pdftex.def)             Requested size: 197.91124pt x 116.36548pt.
<Pictures/Appendix_Tweets/michelle kittleson tweet.png, id=684, 451.6875pt x 351.3125pt>
File: Pictures/Appendix_Tweets/michelle kittleson tweet.png Graphic file (type png)
<use Pictures/Appendix_Tweets/michelle kittleson tweet.png>
Package pdftex.def Info: Pictures/Appendix_Tweets/michelle kittleson tweet.png  used on input line 921.
(pdftex.def)             Requested size: 197.91124pt x 153.9347pt.
<Pictures/Appendix_Tweets/mike putman tweet.png, id=685, 448.67625pt x 600.2425pt>
File: Pictures/Appendix_Tweets/mike putman tweet.png Graphic file (type png)
<use Pictures/Appendix_Tweets/mike putman tweet.png>
Package pdftex.def Info: Pictures/Appendix_Tweets/mike putman tweet.png  used on input line 928.
(pdftex.def)             Requested size: 197.91124pt x 264.76695pt.
<Pictures/Appendix_Tweets/natalie dean tweet.png, id=686, 478.78876pt x 313.17pt>
File: Pictures/Appendix_Tweets/natalie dean tweet.png Graphic file (type png)
<use Pictures/Appendix_Tweets/natalie dean tweet.png>
Package pdftex.def Info: Pictures/Appendix_Tweets/natalie dean tweet.png  used on input line 935.
(pdftex.def)             Requested size: 197.91124pt x 129.45181pt.
<Pictures/Appendix_Tweets/neil ferguson tweet.png, id=687, 598.235pt x 239.89626pt>
File: Pictures/Appendix_Tweets/neil ferguson tweet.png Graphic file (type png)
<use Pictures/Appendix_Tweets/neil ferguson tweet.png>
Package pdftex.def Info: Pictures/Appendix_Tweets/neil ferguson tweet.png  used on input line 942.
(pdftex.def)             Requested size: 197.91124pt x 79.36366pt.
<Pictures/Appendix_Tweets/revera tweet.png, id=688, 599.23875pt x 385.44pt>
File: Pictures/Appendix_Tweets/revera tweet.png Graphic file (type png)
<use Pictures/Appendix_Tweets/revera tweet.png>
Package pdftex.def Info: Pictures/Appendix_Tweets/revera tweet.png  used on input line 949.
(pdftex.def)             Requested size: 197.91124pt x 127.29556pt.
<Pictures/Appendix_Tweets/roberto rocha tweet.png, id=689, 301.125pt x 471.7625pt>
File: Pictures/Appendix_Tweets/roberto rocha tweet.png Graphic file (type png)
<use Pictures/Appendix_Tweets/roberto rocha tweet.png>
Package pdftex.def Info: Pictures/Appendix_Tweets/roberto rocha tweet.png  used on input line 956.
(pdftex.def)             Requested size: 197.91124pt x 310.07567pt.
<Pictures/Appendix_Tweets/saskia popescu tweet.png, id=690, 448.67625pt x 263.98625pt>
File: Pictures/Appendix_Tweets/saskia popescu tweet.png Graphic file (type png)
<use Pictures/Appendix_Tweets/saskia popescu tweet.png>
Package pdftex.def Info: Pictures/Appendix_Tweets/saskia popescu tweet.png  used on input line 963.
(pdftex.def)             Requested size: 197.91124pt x 116.44432pt.
<Pictures/Appendix_Tweets/saskia popescu tweet2.png, id=691, 449.68pt x 264.99pt>
File: Pictures/Appendix_Tweets/saskia popescu tweet2.png Graphic file (type png)
<use Pictures/Appendix_Tweets/saskia popescu tweet2.png>
Package pdftex.def Info: Pictures/Appendix_Tweets/saskia popescu tweet2.png  used on input line 970.
(pdftex.def)             Requested size: 197.91124pt x 116.62425pt.
<Pictures/Appendix_Tweets/saskia popescu tweet2 contd.png, id=692, 532.99126pt x 311.1625pt>
File: Pictures/Appendix_Tweets/saskia popescu tweet2 contd.png Graphic file (type png)
<use Pictures/Appendix_Tweets/saskia popescu tweet2 contd.png>
Package pdftex.def Info: Pictures/Appendix_Tweets/saskia popescu tweet2 contd.png  used on input line 977.
(pdftex.def)             Requested size: 197.91124pt x 115.5414pt.
<Pictures/Appendix_Tweets/soragni lab tweet.png, id=693, 538.01pt x 587.19376pt>
File: Pictures/Appendix_Tweets/soragni lab tweet.png Graphic file (type png)
<use Pictures/Appendix_Tweets/soragni lab tweet.png>
Package pdftex.def Info: Pictures/Appendix_Tweets/soragni lab tweet.png  used on input line 984.
(pdftex.def)             Requested size: 197.91124pt x 216.0039pt.
<Pictures/Appendix_Tweets/steven nono tweet.png, id=694, 600.2425pt x 149.55875pt>
File: Pictures/Appendix_Tweets/steven nono tweet.png Graphic file (type png)
<use Pictures/Appendix_Tweets/steven nono tweet.png>
Package pdftex.def Info: Pictures/Appendix_Tweets/steven nono tweet.png  used on input line 991.
(pdftex.def)             Requested size: 197.91124pt x 49.31117pt.
<Pictures/Appendix_Tweets/trevor bedford tweet.png, id=695, 482.80376pt x 256.96pt>
File: Pictures/Appendix_Tweets/trevor bedford tweet.png Graphic file (type png)
<use Pictures/Appendix_Tweets/trevor bedford tweet.png>
Package pdftex.def Info: Pictures/Appendix_Tweets/trevor bedford tweet.png  used on input line 998.
(pdftex.def)             Requested size: 197.91124pt x 105.33075pt.


Class acmart Warning: \vspace should only be used to provide space above/below surrounding objects on input line 1005.


Class acmart Warning: \vspace should only be used to provide space above/below surrounding objects on input line 1005.

[25.25 </Users/sarahhiguchi-crowell/Desktop/CHI2021-Scientific-Knowledge-Sharing-at-Scale-During-Pandemic/Pictures/Appendix_Tweets/adeeba kamarulzaman tweet.png>]

Class acmart Warning: \vspace should only be used to provide space above/below surrounding objects on input line 1005.


Class acmart Warning: \vspace should only be used to provide space above/below surrounding objects on input line 1005.

[26.26 </Users/sarahhiguchi-crowell/Desktop/CHI2021-Scientific-Knowledge-Sharing-at-Scale-During-Pandemic/Pictures/Appendix_Tweets/alice sim tweet.png> </Users/sarahhiguchi-crowell/Desktop/CHI2021-Scientific-Knowledge-Sharing-at-Scale-During-Pandemic/Pictures/Appendix_Tweets/andy slavitt tweet.png> </Users/sarahhiguchi-crowell/Desktop/CHI2021-Scientific-Knowledge-Sharing-at-Scale-During-Pandemic/Pictures/Appendix_Tweets/andy slavitt tweet2.png>]

Class acmart Warning: \vspace should only be used to provide space above/below surrounding objects on input line 1005.


Class acmart Warning: \vspace should only be used to provide space above/below surrounding objects on input line 1005.

[27.27 </Users/sarahhiguchi-crowell/Desktop/CHI2021-Scientific-Knowledge-Sharing-at-Scale-During-Pandemic/Pictures/Appendix_Tweets/angela rasmussen tweet.png> </Users/sarahhiguchi-crowell/Desktop/CHI2021-Scientific-Knowledge-Sharing-at-Scale-During-Pandemic/Pictures/Appendix_Tweets/angela rasmussen tweet2.png> </Users/sarahhiguchi-crowell/Desktop/CHI2021-Scientific-Knowledge-Sharing-at-Scale-During-Pandemic/Pictures/Appendix_Tweets/angela rasmussen tweet3.png>]

Class acmart Warning: \vspace should only be used to provide space above/below surrounding objects on input line 1005.


Class acmart Warning: \vspace should only be used to provide space above/below surrounding objects on input line 1005.

[28.28 </Users/sarahhiguchi-crowell/Desktop/CHI2021-Scientific-Knowledge-Sharing-at-Scale-During-Pandemic/Pictures/Appendix_Tweets/angela rasmussen tweet4.png> </Users/sarahhiguchi-crowell/Desktop/CHI2021-Scientific-Knowledge-Sharing-at-Scale-During-Pandemic/Pictures/Appendix_Tweets/austin wright tweet.png> </Users/sarahhiguchi-crowell/Desktop/CHI2021-Scientific-Knowledge-Sharing-at-Scale-During-Pandemic/Pictures/Appendix_Tweets/bhramar mukherjee tweet.png> </Users/sarahhiguchi-crowell/Desktop/CHI2021-Scientific-Knowledge-Sharing-at-Scale-During-Pandemic/Pictures/Appendix_Tweets/block and vries tweet.png>]

Class acmart Warning: \vspace should only be used to provide space above/below surrounding objects on input line 1005.


Class acmart Warning: \vspace should only be used to provide space above/below surrounding objects on input line 1005.

[29.29 </Users/sarahhiguchi-crowell/Desktop/CHI2021-Scientific-Knowledge-Sharing-at-Scale-During-Pandemic/Pictures/Appendix_Tweets/c michael gibson tweet.png> </Users/sarahhiguchi-crowell/Desktop/CHI2021-Scientific-Knowledge-Sharing-at-Scale-During-Pandemic/Pictures/Appendix_Tweets/caitlin rivers tweet.png> </Users/sarahhiguchi-crowell/Desktop/CHI2021-Scientific-Knowledge-Sharing-at-Scale-During-Pandemic/Pictures/Appendix_Tweets/caitlin rivers tweet2.png>]

Class acmart Warning: \vspace should only be used to provide space above/below surrounding objects on input line 1005.


Class acmart Warning: \vspace should only be used to provide space above/below surrounding objects on input line 1005.

[30.30 </Users/sarahhiguchi-crowell/Desktop/CHI2021-Scientific-Knowledge-Sharing-at-Scale-During-Pandemic/Pictures/Appendix_Tweets/caitlin rivers tweet2 contd.png> </Users/sarahhiguchi-crowell/Desktop/CHI2021-Scientific-Knowledge-Sharing-at-Scale-During-Pandemic/Pictures/Appendix_Tweets/caroline chen and arun divakaruni tweet.png>]

Class acmart Warning: \vspace should only be used to provide space above/below surrounding objects on input line 1005.


Class acmart Warning: \vspace should only be used to provide space above/below surrounding objects on input line 1005.

[31.31 </Users/sarahhiguchi-crowell/Desktop/CHI2021-Scientific-Knowledge-Sharing-at-Scale-During-Pandemic/Pictures/Appendix_Tweets/charulatha banerjee tweet.png>]

Class acmart Warning: \vspace should only be used to provide space above/below surrounding objects on input line 1005.


Class acmart Warning: \vspace should only be used to provide space above/below surrounding objects on input line 1005.

[32.32 </Users/sarahhiguchi-crowell/Desktop/CHI2021-Scientific-Knowledge-Sharing-at-Scale-During-Pandemic/Pictures/Appendix_Tweets/egon willighagen tweet.png> </Users/sarahhiguchi-crowell/Desktop/CHI2021-Scientific-Knowledge-Sharing-at-Scale-During-Pandemic/Pictures/Appendix_Tweets/eli perencevich tweet.png>]

Class acmart Warning: \vspace should only be used to provide space above/below surrounding objects on input line 1005.


Class acmart Warning: \vspace should only be used to provide space above/below surrounding objects on input line 1005.

[33.33 </Users/sarahhiguchi-crowell/Desktop/CHI2021-Scientific-Knowledge-Sharing-at-Scale-During-Pandemic/Pictures/Appendix_Tweets/ellie murray tweet.png>]

Class acmart Warning: \vspace should only be used to provide space above/below surrounding objects on input line 1005.


Class acmart Warning: \vspace should only be used to provide space above/below surrounding objects on input line 1005.

[34.34 </Users/sarahhiguchi-crowell/Desktop/CHI2021-Scientific-Knowledge-Sharing-at-Scale-During-Pandemic/Pictures/Appendix_Tweets/ellie murray tweet contd.png>]

Class acmart Warning: \vspace should only be used to provide space above/below surrounding objects on input line 1005.


Class acmart Warning: \vspace should only be used to provide space above/below surrounding objects on input line 1005.

[35.35 </Users/sarahhiguchi-crowell/Desktop/CHI2021-Scientific-Knowledge-Sharing-at-Scale-During-Pandemic/Pictures/Appendix_Tweets/emma hodcroft tweet.png> </Users/sarahhiguchi-crowell/Desktop/CHI2021-Scientific-Knowledge-Sharing-at-Scale-During-Pandemic/Pictures/Appendix_Tweets/gail carson tweet.png>]

Class acmart Warning: \vspace should only be used to provide space above/below surrounding objects on input line 1005.


Class acmart Warning: \vspace should only be used to provide space above/below surrounding objects on input line 1005.

[36.36 </Users/sarahhiguchi-crowell/Desktop/CHI2021-Scientific-Knowledge-Sharing-at-Scale-During-Pandemic/Pictures/Appendix_Tweets/geoffrey siwo tweet.png> </Users/sarahhiguchi-crowell/Desktop/CHI2021-Scientific-Knowledge-Sharing-at-Scale-During-Pandemic/Pictures/Appendix_Tweets/helen branswell tweet.png>]

Class acmart Warning: \vspace should only be used to provide space above/below surrounding objects on input line 1005.


Class acmart Warning: \vspace should only be used to provide space above/below surrounding objects on input line 1005.

[37.37 </Users/sarahhiguchi-crowell/Desktop/CHI2021-Scientific-Knowledge-Sharing-at-Scale-During-Pandemic/Pictures/Appendix_Tweets/james todaro tweet.png> </Users/sarahhiguchi-crowell/Desktop/CHI2021-Scientific-Knowledge-Sharing-at-Scale-During-Pandemic/Pictures/Appendix_Tweets/jason pogue tweet.png>]

Class acmart Warning: \vspace should only be used to provide space above/below surrounding objects on input line 1005.


Class acmart Warning: \vspace should only be used to provide space above/below surrounding objects on input line 1005.

[38.38 </Users/sarahhiguchi-crowell/Desktop/CHI2021-Scientific-Knowledge-Sharing-at-Scale-During-Pandemic/Pictures/Appendix_Tweets/jeremy howard tweet.png> </Users/sarahhiguchi-crowell/Desktop/CHI2021-Scientific-Knowledge-Sharing-at-Scale-During-Pandemic/Pictures/Appendix_Tweets/jose-luis jimenez tweet.png>]

Class acmart Warning: \vspace should only be used to provide space above/below surrounding objects on input line 1005.


Class acmart Warning: \vspace should only be used to provide space above/below surrounding objects on input line 1005.

[39.39 </Users/sarahhiguchi-crowell/Desktop/CHI2021-Scientific-Knowledge-Sharing-at-Scale-During-Pandemic/Pictures/Appendix_Tweets/julie marcus tweet.png> </Users/sarahhiguchi-crowell/Desktop/CHI2021-Scientific-Knowledge-Sharing-at-Scale-During-Pandemic/Pictures/Appendix_Tweets/kareem carr tweet.png> </Users/sarahhiguchi-crowell/Desktop/CHI2021-Scientific-Knowledge-Sharing-at-Scale-During-Pandemic/Pictures/Appendix_Tweets/kareem carr tweet2.png>]

Class acmart Warning: \vspace should only be used to provide space above/below surrounding objects on input line 1005.


Class acmart Warning: \vspace should only be used to provide space above/below surrounding objects on input line 1005.

[40.40 </Users/sarahhiguchi-crowell/Desktop/CHI2021-Scientific-Knowledge-Sharing-at-Scale-During-Pandemic/Pictures/Appendix_Tweets/kareem carr tweet2 contd.png> </Users/sarahhiguchi-crowell/Desktop/CHI2021-Scientific-Knowledge-Sharing-at-Scale-During-Pandemic/Pictures/Appendix_Tweets/krutika kuppalli tweet.png> </Users/sarahhiguchi-crowell/Desktop/CHI2021-Scientific-Knowledge-Sharing-at-Scale-During-Pandemic/Pictures/Appendix_Tweets/maria tapia tweet.png>]

Class acmart Warning: \vspace should only be used to provide space above/below surrounding objects on input line 1005.


Class acmart Warning: \vspace should only be used to provide space above/below surrounding objects on input line 1005.

[41.41 </Users/sarahhiguchi-crowell/Desktop/CHI2021-Scientific-Knowledge-Sharing-at-Scale-During-Pandemic/Pictures/Appendix_Tweets/mariska leefland tweet.png> </Users/sarahhiguchi-crowell/Desktop/CHI2021-Scientific-Knowledge-Sharing-at-Scale-During-Pandemic/Pictures/Appendix_Tweets/matt le tissier tweet.png> </Users/sarahhiguchi-crowell/Desktop/CHI2021-Scientific-Knowledge-Sharing-at-Scale-During-Pandemic/Pictures/Appendix_Tweets/michelle kittleson tweet.png>]

Class acmart Warning: \vspace should only be used to provide space above/below surrounding objects on input line 1005.


Class acmart Warning: \vspace should only be used to provide space above/below surrounding objects on input line 1005.

[42.42 </Users/sarahhiguchi-crowell/Desktop/CHI2021-Scientific-Knowledge-Sharing-at-Scale-During-Pandemic/Pictures/Appendix_Tweets/mike putman tweet.png> </Users/sarahhiguchi-crowell/Desktop/CHI2021-Scientific-Knowledge-Sharing-at-Scale-During-Pandemic/Pictures/Appendix_Tweets/natalie dean tweet.png> </Users/sarahhiguchi-crowell/Desktop/CHI2021-Scientific-Knowledge-Sharing-at-Scale-During-Pandemic/Pictures/Appendix_Tweets/neil ferguson tweet.png>]

Class acmart Warning: \vspace should only be used to provide space above/below surrounding objects on input line 1005.


Class acmart Warning: \vspace should only be used to provide space above/below surrounding objects on input line 1005.

[43.43 </Users/sarahhiguchi-crowell/Desktop/CHI2021-Scientific-Knowledge-Sharing-at-Scale-During-Pandemic/Pictures/Appendix_Tweets/revera tweet.png> </Users/sarahhiguchi-crowell/Desktop/CHI2021-Scientific-Knowledge-Sharing-at-Scale-During-Pandemic/Pictures/Appendix_Tweets/roberto rocha tweet.png>]

Class acmart Warning: \vspace should only be used to provide space above/below surrounding objects on input line 1005.


Class acmart Warning: \vspace should only be used to provide space above/below surrounding objects on input line 1005.

[44.44 </Users/sarahhiguchi-crowell/Desktop/CHI2021-Scientific-Knowledge-Sharing-at-Scale-During-Pandemic/Pictures/Appendix_Tweets/saskia popescu tweet.png> </Users/sarahhiguchi-crowell/Desktop/CHI2021-Scientific-Knowledge-Sharing-at-Scale-During-Pandemic/Pictures/Appendix_Tweets/saskia popescu tweet2.png> </Users/sarahhiguchi-crowell/Desktop/CHI2021-Scientific-Knowledge-Sharing-at-Scale-During-Pandemic/Pictures/Appendix_Tweets/saskia popescu tweet2 contd.png>]

Class acmart Warning: \vspace should only be used to provide space above/below surrounding objects on input line 1005.


Class acmart Warning: \vspace should only be used to provide space above/below surrounding objects on input line 1005.

[45.45 </Users/sarahhiguchi-crowell/Desktop/CHI2021-Scientific-Knowledge-Sharing-at-Scale-During-Pandemic/Pictures/Appendix_Tweets/soragni lab tweet.png> </Users/sarahhiguchi-crowell/Desktop/CHI2021-Scientific-Knowledge-Sharing-at-Scale-During-Pandemic/Pictures/Appendix_Tweets/steven nono tweet.png> </Users/sarahhiguchi-crowell/Desktop/CHI2021-Scientific-Knowledge-Sharing-at-Scale-During-Pandemic/Pictures/Appendix_Tweets/trevor bedford tweet.png>]
Package atveryend Info: Empty hook `BeforeClearDocument' on input line 1005.
Package atveryend Info: Empty hook `AfterLastShipout' on input line 1005.
 (/Users/sarahhiguchi-crowell/Desktop/CHI2021-Scientific-Knowledge-Sharing-at-Scale-During-Pandemic/CHI-2020_Challenges to Knowledge Sharing.aux)
Package atveryend Info: Executing hook `AtVeryEndDocument' on input line 1005.
Package atveryend Info: Executing hook `AtEndAfterFileList' on input line 1005.
Package rerunfilecheck Info: File `"CHI-2020_Challenges to Knowledge Sharing".out' has not changed.
(rerunfilecheck)             Checksum: D95D34B9F96754098D0BF20EFCB9BB4E;6455.


LaTeX Warning: There were multiply-defined labels.

 ) 
Here is how much of TeX's memory you used:
 20203 strings out of 480608
 328827 string characters out of 5903631
 626782 words of memory out of 5000000
 34664 multiletter control sequences out of 15000+600000
 757183 words of font info for 533 fonts, out of 8000000 for 9000
 1302 hyphenation exceptions out of 8191
 63i,16n,100p,1763b,877s stack positions out of 5000i,500n,10000p,200000b,80000s
{/usr/local/texlive/2020/texmf-dist/fonts/enc/dvips/libertine/lbtn_25tcsq.enc}{/usr/local/texlive/2020/texmf-dist/fonts/enc/dvips/libertine/lbtn_7grukw.enc}{/usr/local/texlive/2020/texmf-dist/fonts/enc/dvips/libertine/lbtn_nh77jq.enc}{/usr/local/texlive/2020/texmf-dist/fonts/enc/dvips/libertine/lbtn_naooyc.enc}{/usr/local/texlive/2020/texmf-dist/fonts/enc/dvips/libertine/lbtn_oexx6f.enc}{/usr/local/texlive/2020/texmf-dist/fonts/enc/dvips/libertine/lbtn_afusau.enc}{/usr/local/texlive/2020/texmf-dist/fonts/enc/dvips/libertine/lbtn_76gpa5.enc}</usr/local/texlive/2020/texmf-dist/fonts/type1/public/newtx/LibertineMathMI.pfb></usr/local/texlive/2020/texmf-dist/fonts/type1/public/libertine/LinBiolinumT.pfb></usr/local/texlive/2020/texmf-dist/fonts/type1/public/libertine/LinBiolinumTB.pfb></usr/local/texlive/2020/texmf-dist/fonts/type1/public/libertine/LinBiolinumTI.pfb></usr/local/texlive/2020/texmf-dist/fonts/type1/public/libertine/LinLibertineT.pfb></usr/local/texlive/2020/texmf-dist/fonts/type1/public/libertine/LinLibertineTB.pfb></usr/local/texlive/2020/texmf-dist/fonts/type1/public/libertine/LinLibertineTI.pfb></usr/local/texlive/2020/texmf-dist/fonts/type1/public/newtx/txsys.pfb>
Output written on "/Users/sarahhiguchi-crowell/Desktop/CHI2021-Scientific-Knowledge-Sharing-at-Scale-During-Pandemic/CHI-2020_Challenges to Knowledge Sharing.pdf" (45 pages, 12478985 bytes).
PDF statistics:
 991 PDF objects out of 1000 (max. 8388607)
 793 compressed objects within 8 object streams
 266 named destinations out of 1000 (max. 500000)
 68594 words of extra memory for PDF output out of 74296 (max. 10000000)

